C:\USERS\ANDR\DOCUMENTS\VISUAL STUDIO 2012\PROJECTS\SCRIPT\SCRIPT\RELEASE\TYPEDATA.OBJ
C:\USERS\ANDR\DOCUMENTS\VISUAL STUDIO 2012\PROJECTS\SCRIPT\SCRIPT\RELEASE\STRING.OBJ
C:\USERS\ANDR\DOCUMENTS\VISUAL STUDIO 2012\PROJECTS\SCRIPT\SCRIPT\RELEASE\STACKLOCALVAR.OBJ
C:\USERS\ANDR\DOCUMENTS\VISUAL STUDIO 2012\PROJECTS\SCRIPT\SCRIPT\RELEASE\OPCODE.OBJ
C:\USERS\ANDR\DOCUMENTS\VISUAL STUDIO 2012\PROJECTS\SCRIPT\SCRIPT\RELEASE\OBJECTCLASS.OBJ
C:\USERS\ANDR\DOCUMENTS\VISUAL STUDIO 2012\PROJECTS\SCRIPT\SCRIPT\RELEASE\OBJECT.OBJ
C:\USERS\ANDR\DOCUMENTS\VISUAL STUDIO 2012\PROJECTS\SCRIPT\SCRIPT\RELEASE\METHOD.OBJ
C:\USERS\ANDR\DOCUMENTS\VISUAL STUDIO 2012\PROJECTS\SCRIPT\SCRIPT\RELEASE\MAIN.OBJ
C:\USERS\ANDR\DOCUMENTS\VISUAL STUDIO 2012\PROJECTS\SCRIPT\SCRIPT\RELEASE\LOADFROMFILE.OBJ
C:\USERS\ANDR\DOCUMENTS\VISUAL STUDIO 2012\PROJECTS\SCRIPT\SCRIPT\RELEASE\GLOBALSCOPE.OBJ
C:\USERS\ANDR\DOCUMENTS\VISUAL STUDIO 2012\PROJECTS\SCRIPT\SCRIPT\RELEASE\EXCEPTIONHANDLER.OBJ
C:\USERS\ANDR\DOCUMENTS\VISUAL STUDIO 2012\PROJECTS\SCRIPT\SCRIPT\RELEASE\CONTEXT.OBJ
C:\USERS\ANDR\DOCUMENTS\VISUAL STUDIO 2012\PROJECTS\SCRIPT\SCRIPT\RELEASE\ACELERATEINTERATOR.OBJ
C:\USERS\ANDR\DOCUMENTS\VISUAL STUDIO 2012\PROJECTS\SCRIPT\SCRIPT\RELEASE\VC110.PDB
C:\Users\andr\Documents\Visual Studio 2012\Projects\Script\Script\Release\AcelerateInterator.obj
C:\Users\andr\Documents\Visual Studio 2012\Projects\Script\Script\Release\Context.obj
C:\Users\andr\Documents\Visual Studio 2012\Projects\Script\Script\Release\ExceptionHandler.obj
C:\Users\andr\Documents\Visual Studio 2012\Projects\Script\Script\Release\GlobalScope.obj
C:\Users\andr\Documents\Visual Studio 2012\Projects\Script\Script\Release\LoadFromFile.obj
C:\Users\andr\Documents\Visual Studio 2012\Projects\Script\Script\Release\main.obj
C:\Users\andr\Documents\Visual Studio 2012\Projects\Script\Script\Release\Method.obj
C:\Users\andr\Documents\Visual Studio 2012\Projects\Script\Script\Release\Object.obj
C:\Users\andr\Documents\Visual Studio 2012\Projects\Script\Script\Release\ObjectClass.obj
C:\Users\andr\Documents\Visual Studio 2012\Projects\Script\Script\Release\Opcode.obj
C:\Users\andr\Documents\Visual Studio 2012\Projects\Script\Script\Release\StackLocalVar.obj
C:\Users\andr\Documents\Visual Studio 2012\Projects\Script\Script\Release\String.obj
C:\Users\andr\Documents\Visual Studio 2012\Projects\Script\Script\Release\TypeData.obj
C:\Users\andr\Documents\Visual Studio 2012\Projects\Script\Script\Release\cl.command.1.tlog
C:\Users\andr\Documents\Visual Studio 2012\Projects\Script\Script\Release\CL.read.1.tlog
C:\Users\andr\Documents\Visual Studio 2012\Projects\Script\Script\Release\CL.write.1.tlog
C:\Users\andr\Documents\Visual Studio 2012\Projects\Script\Script\Release\link-cvtres.read.1.tlog
C:\Users\andr\Documents\Visual Studio 2012\Projects\Script\Script\Release\link-cvtres.write.1.tlog
C:\Users\andr\Documents\Visual Studio 2012\Projects\Script\Script\Release\link-rc.read.1.tlog
C:\Users\andr\Documents\Visual Studio 2012\Projects\Script\Script\Release\link-rc.write.1.tlog
C:\Users\andr\Documents\Visual Studio 2012\Projects\Script\Script\Release\link.command.1.tlog
C:\Users\andr\Documents\Visual Studio 2012\Projects\Script\Script\Release\link.read.1.tlog
C:\Users\andr\Documents\Visual Studio 2012\Projects\Script\Script\Release\link.write.1.tlog
C:\Users\andr\Documents\Visual Studio 2012\Projects\Script\Script\Release\vc110.pdb
C:\Users\andr\Documents\Visual Studio 2012\Projects\Script\Release\Script.pdb
