C:\USERS\ANDR\DOCUMENTS\VISUAL STUDIO 2012\PROJECTS\SCRIPT\COMPILER\RELEASE\KEYWORDS.OBJ
C:\USERS\ANDR\DOCUMENTS\VISUAL STUDIO 2012\PROJECTS\SCRIPT\COMPILER\RELEASE\COMPILER.OBJ
C:\USERS\ANDR\DOCUMENTS\VISUAL STUDIO 2012\PROJECTS\SCRIPT\COMPILER\RELEASE\OPCODE.OBJ
C:\USERS\ANDR\DOCUMENTS\VISUAL STUDIO 2012\PROJECTS\SCRIPT\COMPILER\RELEASE\VC110.PDB
C:\USERS\ANDR\DOCUMENTS\VISUAL STUDIO 2012\PROJECTS\SCRIPT\RELEASE\COMPILER.EXE
C:\USERS\ANDR\DOCUMENTS\VISUAL STUDIO 2012\PROJECTS\SCRIPT\RELEASE\COMPILER.PDB
C:\Users\andr\Documents\Visual Studio 2012\Projects\Script\Compiler\Release\Compiler.obj
C:\Users\andr\Documents\Visual Studio 2012\Projects\Script\Compiler\Release\Keywords.obj
C:\Users\andr\Documents\Visual Studio 2012\Projects\Script\Compiler\Release\Opcode.obj
C:\Users\andr\Documents\Visual Studio 2012\Projects\Script\Compiler\Release\cl.command.1.tlog
C:\Users\andr\Documents\Visual Studio 2012\Projects\Script\Compiler\Release\CL.read.1.tlog
C:\Users\andr\Documents\Visual Studio 2012\Projects\Script\Compiler\Release\CL.write.1.tlog
C:\Users\andr\Documents\Visual Studio 2012\Projects\Script\Compiler\Release\link-cvtres.read.1.tlog
C:\Users\andr\Documents\Visual Studio 2012\Projects\Script\Compiler\Release\link-cvtres.write.1.tlog
C:\Users\andr\Documents\Visual Studio 2012\Projects\Script\Compiler\Release\link-rc.read.1.tlog
C:\Users\andr\Documents\Visual Studio 2012\Projects\Script\Compiler\Release\link-rc.write.1.tlog
C:\Users\andr\Documents\Visual Studio 2012\Projects\Script\Compiler\Release\link.command.1.tlog
C:\Users\andr\Documents\Visual Studio 2012\Projects\Script\Compiler\Release\link.read.1.tlog
C:\Users\andr\Documents\Visual Studio 2012\Projects\Script\Compiler\Release\link.write.1.tlog
C:\Users\andr\Documents\Visual Studio 2012\Projects\Script\Compiler\Release\vc110.pdb
C:\Users\andr\Documents\Visual Studio 2012\Projects\Script\Release\Compiler.pdb
C:\Users\andr\Documents\Visual Studio 2012\Projects\Script\Release\Compiler.exe
