Файл проекта содержит ToolsVersion="12.0". Возможно, этот набор инструментов неизвестен или отсутствует (в этом случае проблему можно устранить, установив подходящую версию MSBuild), либо для данной сборки определено конкретное значение ToolsVersion в параметрах политики. Проект обрабатывается как имеющий ToolsVersion="4.0". Дополнительные сведения см. по ссылке http://go.microsoft.com/fwlink/?LinkId=291333.
cl : командная строка warning D9030: "/Gm" несовместим с многопроцессорной обработкой; ключ /MP игнорируется
  TypeData.cpp
c:\users\andr\documents\visual studio 2012\projects\script\script\typedata.h(26): warning C4005: MEM_FREE: изменение макроопределения
          c:\program files (x86)\windows kits\8.0\include\um\winnt.h(11537): см. предыдущее определение "MEM_FREE"
c:\users\andr\documents\visual studio 2012\projects\script\script\string.h(146): warning C4250: STRING_CLASS: наследуется "CLASS_SCOPE::CLASS_SCOPE::ReadMember" через превосходство
          c:\users\andr\documents\visual studio 2012\projects\script\script\classscope.h(43): см. объявление "CLASS_SCOPE::ReadMember"
c:\users\andr\documents\visual studio 2012\projects\script\script\string.h(146): warning C4250: STRING_CLASS: наследуется "CLASS_SCOPE::CLASS_SCOPE::WriteMember" через превосходство
          c:\users\andr\documents\visual studio 2012\projects\script\script\classscope.h(45): см. объявление "CLASS_SCOPE::WriteMember"
c:\users\andr\documents\visual studio 2012\projects\script\script\string.h(146): warning C4250: STRING_CLASS: наследуется "CLASS_SCOPE::CLASS_SCOPE::RemoveMember" через превосходство
          c:\users\andr\documents\visual studio 2012\projects\script\script\classscope.h(47): см. объявление "CLASS_SCOPE::RemoveMember"
c:\users\andr\documents\visual studio 2012\projects\script\script\string.h(146): warning C4250: STRING_CLASS: наследуется "CLASS_SCOPE::CLASS_SCOPE::OperatorReadByIndex" через превосходство
          c:\users\andr\documents\visual studio 2012\projects\script\script\classscope.h(51): см. объявление "CLASS_SCOPE::OperatorReadByIndex"
          c:\users\andr\documents\visual studio 2012\projects\script\script\classscope.h(50): см. объявление "CLASS_SCOPE::OperatorReadByIndex"
c:\users\andr\documents\visual studio 2012\projects\script\script\string.h(146): warning C4250: STRING_CLASS: наследуется "CLASS_SCOPE::CLASS_SCOPE::OperatorWriteByIndex" через превосходство
          c:\users\andr\documents\visual studio 2012\projects\script\script\classscope.h(55): см. объявление "CLASS_SCOPE::OperatorWriteByIndex"
          c:\users\andr\documents\visual studio 2012\projects\script\script\classscope.h(54): см. объявление "CLASS_SCOPE::OperatorWriteByIndex"
c:\users\andr\documents\visual studio 2012\projects\script\script\string.h(146): warning C4250: STRING_CLASS: наследуется "CLASS_SCOPE::CLASS_SCOPE::OperatorRemoveByIndex" через превосходство
          c:\users\andr\documents\visual studio 2012\projects\script\script\classscope.h(59): см. объявление "CLASS_SCOPE::OperatorRemoveByIndex"
          c:\users\andr\documents\visual studio 2012\projects\script\script\classscope.h(58): см. объявление "CLASS_SCOPE::OperatorRemoveByIndex"
c:\users\andr\documents\visual studio 2012\projects\script\script\string.h(146): warning C4250: STRING_CLASS: наследуется "CLASS_SCOPE::CLASS_SCOPE::EnumKey" через превосходство
          c:\users\andr\documents\visual studio 2012\projects\script\script\classscope.h(61): см. объявление "CLASS_SCOPE::EnumKey"
e:\repository\somesmalllibrary\exstring.h(46): warning C4005: CHAR_TYPE: изменение макроопределения
          c:\users\andr\documents\visual studio 2012\projects\script\script\additionallib.h(12): см. предыдущее определение "CHAR_TYPE"
e:\repository\somesmalllibrary\exstring.h(1121): warning C4996: 'strnicmp': The POSIX name for this item is deprecated. Instead, use the ISO C++ conformant name: _strnicmp. See online help for details.
          c:\program files (x86)\mvs12\vc\include\string.h(251): см. объявление "strnicmp"
e:\repository\somesmalllibrary\exstring.h(1130): warning C4996: 'wcsnicmp': The POSIX name for this item is deprecated. Instead, use the ISO C++ conformant name: _wcsnicmp. See online help for details.
          c:\program files (x86)\mvs12\vc\include\string.h(408): см. объявление "wcsnicmp"
e:\repository\somesmalllibrary\exstring.h(1139): warning C4996: 'stricmp': The POSIX name for this item is deprecated. Instead, use the ISO C++ conformant name: _stricmp. See online help for details.
          c:\program files (x86)\mvs12\vc\include\string.h(249): см. объявление "stricmp"
e:\repository\somesmalllibrary\exstring.h(1148): warning C4996: 'wcsicmp': The POSIX name for this item is deprecated. Instead, use the ISO C++ conformant name: _wcsicmp. See online help for details.
          c:\program files (x86)\mvs12\vc\include\string.h(407): см. объявление "wcsicmp"
e:\repository\somesmalllibrary\exstring.h(1154): warning C4996: 'strupr': The POSIX name for this item is deprecated. Instead, use the ISO C++ conformant name: _strupr. See online help for details.
          c:\program files (x86)\mvs12\vc\include\string.h(255): см. объявление "strupr"
e:\repository\somesmalllibrary\exstring.h(1159): warning C4996: 'wcsupr': The POSIX name for this item is deprecated. Instead, use the ISO C++ conformant name: _wcsupr. See online help for details.
          c:\program files (x86)\mvs12\vc\include\string.h(413): см. объявление "wcsupr"
e:\repository\somesmalllibrary\exstring.h(1164): warning C4996: 'strlwr': The POSIX name for this item is deprecated. Instead, use the ISO C++ conformant name: _strlwr. See online help for details.
          c:\program files (x86)\mvs12\vc\include\string.h(250): см. объявление "strlwr"
e:\repository\somesmalllibrary\exstring.h(1169): warning C4996: 'wcslwr': The POSIX name for this item is deprecated. Instead, use the ISO C++ conformant name: _wcslwr. See online help for details.
          c:\program files (x86)\mvs12\vc\include\string.h(412): см. объявление "wcslwr"
e:\repository\somesmalllibrary\exstring.h(1174): warning C4996: 'strcat': This function or variable may be unsafe. Consider using strcat_s instead. To disable deprecation, use _CRT_SECURE_NO_WARNINGS. See online help for details.
          c:\program files (x86)\mvs12\vc\include\string.h(115): см. объявление "strcat"
e:\repository\somesmalllibrary\exstring.h(1179): warning C4996: 'wcscat': This function or variable may be unsafe. Consider using wcscat_s instead. To disable deprecation, use _CRT_SECURE_NO_WARNINGS. See online help for details.
          c:\program files (x86)\mvs12\vc\include\string.h(279): см. объявление "wcscat"
e:\repository\somesmalllibrary\exstring.h(1184): warning C4996: 'strncat': This function or variable may be unsafe. Consider using strncat_s instead. To disable deprecation, use _CRT_SECURE_NO_WARNINGS. See online help for details.
          c:\program files (x86)\mvs12\vc\include\string.h(182): см. объявление "strncat"
e:\repository\somesmalllibrary\exstring.h(1189): warning C4996: 'wcsncat': This function or variable may be unsafe. Consider using wcsncat_s instead. To disable deprecation, use _CRT_SECURE_NO_WARNINGS. See online help for details.
          c:\program files (x86)\mvs12\vc\include\string.h(310): см. объявление "wcsncat"
e:\repository\somesmalllibrary\exstring.h(1195): warning C4996: 'strncpy': This function or variable may be unsafe. Consider using strncpy_s instead. To disable deprecation, use _CRT_SECURE_NO_WARNINGS. See online help for details.
          c:\program files (x86)\mvs12\vc\include\string.h(191): см. объявление "strncpy"
e:\repository\somesmalllibrary\exstring.h(1200): warning C4996: 'wcsncpy': This function or variable may be unsafe. Consider using wcsncpy_s instead. To disable deprecation, use _CRT_SECURE_NO_WARNINGS. See online help for details.
          c:\program files (x86)\mvs12\vc\include\string.h(317): см. объявление "wcsncpy"
e:\repository\somesmalllibrary\exstring.h(1205): warning C4996: 'strcpy': This function or variable may be unsafe. Consider using strcpy_s instead. To disable deprecation, use _CRT_SECURE_NO_WARNINGS. See online help for details.
          c:\program files (x86)\mvs12\vc\include\string.h(110): см. объявление "strcpy"
e:\repository\somesmalllibrary\exstring.h(1210): warning C4996: 'wcscpy': This function or variable may be unsafe. Consider using wcscpy_s instead. To disable deprecation, use _CRT_SECURE_NO_WARNINGS. See online help for details.
          c:\program files (x86)\mvs12\vc\include\string.h(288): см. объявление "wcscpy"
e:\repository\somesmalllibrary\exstring.h(1216): warning C4996: 'strdup': The POSIX name for this item is deprecated. Instead, use the ISO C++ conformant name: _strdup. See online help for details.
          c:\program files (x86)\mvs12\vc\include\string.h(241): см. объявление "strdup"
e:\repository\somesmalllibrary\exstring.h(1221): warning C4996: 'wcsdup': The POSIX name for this item is deprecated. Instead, use the ISO C++ conformant name: _wcsdup. See online help for details.
          c:\program files (x86)\mvs12\vc\include\string.h(397): см. объявление "wcsdup"
c:\users\andr\documents\visual studio 2012\projects\script\script\typedata.cpp(30): warning C4244: return: преобразование "unsigned __int64" в "HASH_VAL", возможна потеря данных
c:\users\andr\documents\visual studio 2012\projects\script\script\typedata.cpp(128): error C2039: MarkAsUsed: не является членом "INSIDE_DATA"
          c:\users\andr\documents\visual studio 2012\projects\script\script\typedata.h(272): см. объявление "INSIDE_DATA"
c:\users\andr\documents\visual studio 2012\projects\script\script\typedata.cpp(130): error C2065: IsObject: необъявленный идентификатор
c:\users\andr\documents\visual studio 2012\projects\script\script\typedata.cpp(131): error C2065: Object: необъявленный идентификатор
c:\users\andr\documents\visual studio 2012\projects\script\script\typedata.cpp(131): error C2228: выражение слева от ".Prototype" должно представлять класс, структуру или объединение
          тип: 'unknown-type'
c:\users\andr\documents\visual studio 2012\projects\script\script\typedata.cpp(131): error C2227: выражение слева от "->MarkAsUsed" должно указывать на тип класса, структуры или объединения либо на универсальный тип
  String.cpp
c:\users\andr\documents\visual studio 2012\projects\script\script\typedata.h(26): warning C4005: MEM_FREE: изменение макроопределения
          c:\program files (x86)\windows kits\8.0\include\um\winnt.h(11537): см. предыдущее определение "MEM_FREE"
c:\users\andr\documents\visual studio 2012\projects\script\script\string.h(146): warning C4250: STRING_CLASS: наследуется "CLASS_SCOPE::CLASS_SCOPE::ReadMember" через превосходство
          c:\users\andr\documents\visual studio 2012\projects\script\script\classscope.h(43): см. объявление "CLASS_SCOPE::ReadMember"
c:\users\andr\documents\visual studio 2012\projects\script\script\string.h(146): warning C4250: STRING_CLASS: наследуется "CLASS_SCOPE::CLASS_SCOPE::WriteMember" через превосходство
          c:\users\andr\documents\visual studio 2012\projects\script\script\classscope.h(45): см. объявление "CLASS_SCOPE::WriteMember"
c:\users\andr\documents\visual studio 2012\projects\script\script\string.h(146): warning C4250: STRING_CLASS: наследуется "CLASS_SCOPE::CLASS_SCOPE::RemoveMember" через превосходство
          c:\users\andr\documents\visual studio 2012\projects\script\script\classscope.h(47): см. объявление "CLASS_SCOPE::RemoveMember"
c:\users\andr\documents\visual studio 2012\projects\script\script\string.h(146): warning C4250: STRING_CLASS: наследуется "CLASS_SCOPE::CLASS_SCOPE::OperatorReadByIndex" через превосходство
          c:\users\andr\documents\visual studio 2012\projects\script\script\classscope.h(51): см. объявление "CLASS_SCOPE::OperatorReadByIndex"
          c:\users\andr\documents\visual studio 2012\projects\script\script\classscope.h(50): см. объявление "CLASS_SCOPE::OperatorReadByIndex"
c:\users\andr\documents\visual studio 2012\projects\script\script\string.h(146): warning C4250: STRING_CLASS: наследуется "CLASS_SCOPE::CLASS_SCOPE::OperatorWriteByIndex" через превосходство
          c:\users\andr\documents\visual studio 2012\projects\script\script\classscope.h(55): см. объявление "CLASS_SCOPE::OperatorWriteByIndex"
          c:\users\andr\documents\visual studio 2012\projects\script\script\classscope.h(54): см. объявление "CLASS_SCOPE::OperatorWriteByIndex"
c:\users\andr\documents\visual studio 2012\projects\script\script\string.h(146): warning C4250: STRING_CLASS: наследуется "CLASS_SCOPE::CLASS_SCOPE::OperatorRemoveByIndex" через превосходство
          c:\users\andr\documents\visual studio 2012\projects\script\script\classscope.h(59): см. объявление "CLASS_SCOPE::OperatorRemoveByIndex"
          c:\users\andr\documents\visual studio 2012\projects\script\script\classscope.h(58): см. объявление "CLASS_SCOPE::OperatorRemoveByIndex"
c:\users\andr\documents\visual studio 2012\projects\script\script\string.h(146): warning C4250: STRING_CLASS: наследуется "CLASS_SCOPE::CLASS_SCOPE::EnumKey" через превосходство
          c:\users\andr\documents\visual studio 2012\projects\script\script\classscope.h(61): см. объявление "CLASS_SCOPE::EnumKey"
e:\repository\somesmalllibrary\exstring.h(46): warning C4005: CHAR_TYPE: изменение макроопределения
          c:\users\andr\documents\visual studio 2012\projects\script\script\additionallib.h(12): см. предыдущее определение "CHAR_TYPE"
e:\repository\somesmalllibrary\exstring.h(1121): warning C4996: 'strnicmp': The POSIX name for this item is deprecated. Instead, use the ISO C++ conformant name: _strnicmp. See online help for details.
          c:\program files (x86)\mvs12\vc\include\string.h(251): см. объявление "strnicmp"
e:\repository\somesmalllibrary\exstring.h(1130): warning C4996: 'wcsnicmp': The POSIX name for this item is deprecated. Instead, use the ISO C++ conformant name: _wcsnicmp. See online help for details.
          c:\program files (x86)\mvs12\vc\include\string.h(408): см. объявление "wcsnicmp"
e:\repository\somesmalllibrary\exstring.h(1139): warning C4996: 'stricmp': The POSIX name for this item is deprecated. Instead, use the ISO C++ conformant name: _stricmp. See online help for details.
          c:\program files (x86)\mvs12\vc\include\string.h(249): см. объявление "stricmp"
e:\repository\somesmalllibrary\exstring.h(1148): warning C4996: 'wcsicmp': The POSIX name for this item is deprecated. Instead, use the ISO C++ conformant name: _wcsicmp. See online help for details.
          c:\program files (x86)\mvs12\vc\include\string.h(407): см. объявление "wcsicmp"
e:\repository\somesmalllibrary\exstring.h(1154): warning C4996: 'strupr': The POSIX name for this item is deprecated. Instead, use the ISO C++ conformant name: _strupr. See online help for details.
          c:\program files (x86)\mvs12\vc\include\string.h(255): см. объявление "strupr"
e:\repository\somesmalllibrary\exstring.h(1159): warning C4996: 'wcsupr': The POSIX name for this item is deprecated. Instead, use the ISO C++ conformant name: _wcsupr. See online help for details.
          c:\program files (x86)\mvs12\vc\include\string.h(413): см. объявление "wcsupr"
e:\repository\somesmalllibrary\exstring.h(1164): warning C4996: 'strlwr': The POSIX name for this item is deprecated. Instead, use the ISO C++ conformant name: _strlwr. See online help for details.
          c:\program files (x86)\mvs12\vc\include\string.h(250): см. объявление "strlwr"
e:\repository\somesmalllibrary\exstring.h(1169): warning C4996: 'wcslwr': The POSIX name for this item is deprecated. Instead, use the ISO C++ conformant name: _wcslwr. See online help for details.
          c:\program files (x86)\mvs12\vc\include\string.h(412): см. объявление "wcslwr"
e:\repository\somesmalllibrary\exstring.h(1174): warning C4996: 'strcat': This function or variable may be unsafe. Consider using strcat_s instead. To disable deprecation, use _CRT_SECURE_NO_WARNINGS. See online help for details.
          c:\program files (x86)\mvs12\vc\include\string.h(115): см. объявление "strcat"
e:\repository\somesmalllibrary\exstring.h(1179): warning C4996: 'wcscat': This function or variable may be unsafe. Consider using wcscat_s instead. To disable deprecation, use _CRT_SECURE_NO_WARNINGS. See online help for details.
          c:\program files (x86)\mvs12\vc\include\string.h(279): см. объявление "wcscat"
e:\repository\somesmalllibrary\exstring.h(1184): warning C4996: 'strncat': This function or variable may be unsafe. Consider using strncat_s instead. To disable deprecation, use _CRT_SECURE_NO_WARNINGS. See online help for details.
          c:\program files (x86)\mvs12\vc\include\string.h(182): см. объявление "strncat"
e:\repository\somesmalllibrary\exstring.h(1189): warning C4996: 'wcsncat': This function or variable may be unsafe. Consider using wcsncat_s instead. To disable deprecation, use _CRT_SECURE_NO_WARNINGS. See online help for details.
          c:\program files (x86)\mvs12\vc\include\string.h(310): см. объявление "wcsncat"
e:\repository\somesmalllibrary\exstring.h(1195): warning C4996: 'strncpy': This function or variable may be unsafe. Consider using strncpy_s instead. To disable deprecation, use _CRT_SECURE_NO_WARNINGS. See online help for details.
          c:\program files (x86)\mvs12\vc\include\string.h(191): см. объявление "strncpy"
e:\repository\somesmalllibrary\exstring.h(1200): warning C4996: 'wcsncpy': This function or variable may be unsafe. Consider using wcsncpy_s instead. To disable deprecation, use _CRT_SECURE_NO_WARNINGS. See online help for details.
          c:\program files (x86)\mvs12\vc\include\string.h(317): см. объявление "wcsncpy"
e:\repository\somesmalllibrary\exstring.h(1205): warning C4996: 'strcpy': This function or variable may be unsafe. Consider using strcpy_s instead. To disable deprecation, use _CRT_SECURE_NO_WARNINGS. See online help for details.
          c:\program files (x86)\mvs12\vc\include\string.h(110): см. объявление "strcpy"
e:\repository\somesmalllibrary\exstring.h(1210): warning C4996: 'wcscpy': This function or variable may be unsafe. Consider using wcscpy_s instead. To disable deprecation, use _CRT_SECURE_NO_WARNINGS. See online help for details.
          c:\program files (x86)\mvs12\vc\include\string.h(288): см. объявление "wcscpy"
e:\repository\somesmalllibrary\exstring.h(1216): warning C4996: 'strdup': The POSIX name for this item is deprecated. Instead, use the ISO C++ conformant name: _strdup. See online help for details.
          c:\program files (x86)\mvs12\vc\include\string.h(241): см. объявление "strdup"
e:\repository\somesmalllibrary\exstring.h(1221): warning C4996: 'wcsdup': The POSIX name for this item is deprecated. Instead, use the ISO C++ conformant name: _wcsdup. See online help for details.
          c:\program files (x86)\mvs12\vc\include\string.h(397): см. объявление "wcsdup"
c:\users\andr\documents\visual studio 2012\projects\script\script\string.cpp(73): error C2661: STRING_CLASS::ToString: нет перегруженной функции, принимающей 1 аргументов
c:\users\andr\documents\visual studio 2012\projects\script\script\string.cpp(177): error C2664: void STRING_CLASS::ToString(INSTANCE_CLASS,LPINTERNAL_CHAR,TSIZE_STR): невозможно преобразовать параметр 3 из "TSIZE_STR *" в "TSIZE_STR"
          Не существует контекста, в котором такое преобразование возможно
c:\users\andr\documents\visual studio 2012\projects\script\script\string.cpp(202): error C2664: void STRING_CLASS::ToString(INSTANCE_CLASS,LPINTERNAL_CHAR,TSIZE_STR): невозможно преобразовать параметр 3 из "TSIZE_STR *" в "TSIZE_STR"
          Не существует контекста, в котором такое преобразование возможно
c:\users\andr\documents\visual studio 2012\projects\script\script\string.cpp(228): error C2664: void STRING_CLASS::ToString(INSTANCE_CLASS,LPINTERNAL_CHAR,TSIZE_STR): невозможно преобразовать параметр 3 из "TSIZE_STR *" в "TSIZE_STR"
          Не существует контекста, в котором такое преобразование возможно
  Class.cpp
c:\users\andr\documents\visual studio 2012\projects\script\script\typedata.h(26): warning C4005: MEM_FREE: изменение макроопределения
          c:\program files (x86)\windows kits\8.0\include\um\winnt.h(11537): см. предыдущее определение "MEM_FREE"
c:\users\andr\documents\visual studio 2012\projects\script\script\string.h(146): warning C4250: STRING_CLASS: наследуется "CLASS_SCOPE::CLASS_SCOPE::ReadMember" через превосходство
          c:\users\andr\documents\visual studio 2012\projects\script\script\classscope.h(43): см. объявление "CLASS_SCOPE::ReadMember"
c:\users\andr\documents\visual studio 2012\projects\script\script\string.h(146): warning C4250: STRING_CLASS: наследуется "CLASS_SCOPE::CLASS_SCOPE::WriteMember" через превосходство
          c:\users\andr\documents\visual studio 2012\projects\script\script\classscope.h(45): см. объявление "CLASS_SCOPE::WriteMember"
c:\users\andr\documents\visual studio 2012\projects\script\script\string.h(146): warning C4250: STRING_CLASS: наследуется "CLASS_SCOPE::CLASS_SCOPE::RemoveMember" через превосходство
          c:\users\andr\documents\visual studio 2012\projects\script\script\classscope.h(47): см. объявление "CLASS_SCOPE::RemoveMember"
c:\users\andr\documents\visual studio 2012\projects\script\script\string.h(146): warning C4250: STRING_CLASS: наследуется "CLASS_SCOPE::CLASS_SCOPE::OperatorReadByIndex" через превосходство
          c:\users\andr\documents\visual studio 2012\projects\script\script\classscope.h(51): см. объявление "CLASS_SCOPE::OperatorReadByIndex"
          c:\users\andr\documents\visual studio 2012\projects\script\script\classscope.h(50): см. объявление "CLASS_SCOPE::OperatorReadByIndex"
c:\users\andr\documents\visual studio 2012\projects\script\script\string.h(146): warning C4250: STRING_CLASS: наследуется "CLASS_SCOPE::CLASS_SCOPE::OperatorWriteByIndex" через превосходство
          c:\users\andr\documents\visual studio 2012\projects\script\script\classscope.h(55): см. объявление "CLASS_SCOPE::OperatorWriteByIndex"
          c:\users\andr\documents\visual studio 2012\projects\script\script\classscope.h(54): см. объявление "CLASS_SCOPE::OperatorWriteByIndex"
c:\users\andr\documents\visual studio 2012\projects\script\script\string.h(146): warning C4250: STRING_CLASS: наследуется "CLASS_SCOPE::CLASS_SCOPE::OperatorRemoveByIndex" через превосходство
          c:\users\andr\documents\visual studio 2012\projects\script\script\classscope.h(59): см. объявление "CLASS_SCOPE::OperatorRemoveByIndex"
          c:\users\andr\documents\visual studio 2012\projects\script\script\classscope.h(58): см. объявление "CLASS_SCOPE::OperatorRemoveByIndex"
c:\users\andr\documents\visual studio 2012\projects\script\script\string.h(146): warning C4250: STRING_CLASS: наследуется "CLASS_SCOPE::CLASS_SCOPE::EnumKey" через превосходство
          c:\users\andr\documents\visual studio 2012\projects\script\script\classscope.h(61): см. объявление "CLASS_SCOPE::EnumKey"
c:\users\andr\documents\visual studio 2012\projects\script\script\class.cpp(31): error C2511: INSIDE_DATA HEADER_CLASS::CreateInstance(LPARG_FUNC): перегруженная функция-член не найдена в "HEADER_CLASS"
          c:\users\andr\documents\visual studio 2012\projects\script\script\class.h(48): см. объявление "HEADER_CLASS"
c:\users\andr\documents\visual studio 2012\projects\script\script\class.cpp(39): error C2664: INSIDE_DATA HEADER_CLASS::CreateInstance(LPINSIDE_DATA,NUMBER_ARG): невозможно преобразовать параметр 1 из "LPEXECUTE_CONTEXT" в "LPINSIDE_DATA"
          Типы, на которые указывают указатели, не связаны; для преобразования требуется reinterpret_cast, приведение в стиле С или приведение в стиле функции
c:\users\andr\documents\visual studio 2012\projects\script\script\class.cpp(64): error C2664: INSIDE_DATA HEADER_CLASS::CreateInstance(LPINSIDE_DATA,NUMBER_ARG): невозможно преобразовать параметр 1 из "LPEXECUTE_CONTEXT" в "LPINSIDE_DATA"
          Типы, на которые указывают указатели, не связаны; для преобразования требуется reinterpret_cast, приведение в стиле С или приведение в стиле функции
c:\users\andr\documents\visual studio 2012\projects\script\script\class.cpp(72): error C2664: INSIDE_DATA HEADER_CLASS::CreateInstance(LPINSIDE_DATA,NUMBER_ARG): невозможно преобразовать параметр 1 из "LPEXECUTE_CONTEXT" в "LPINSIDE_DATA"
          Типы, на которые указывают указатели, не связаны; для преобразования требуется reinterpret_cast, приведение в стиле С или приведение в стиле функции
  ClassManager.cpp
c:\users\andr\documents\visual studio 2012\projects\script\script\typedata.h(26): warning C4005: MEM_FREE: изменение макроопределения
          c:\program files (x86)\windows kits\8.0\include\um\winnt.h(11537): см. предыдущее определение "MEM_FREE"
c:\users\andr\documents\visual studio 2012\projects\script\script\classmanager.h(11): error C2011: CLASS_MANAGER: переопределение типа "class"
          c:\users\andr\documents\visual studio 2012\projects\script\script\class.h(242): см. объявление "CLASS_MANAGER"
c:\users\andr\documents\visual studio 2012\projects\script\script\string.h(146): warning C4250: STRING_CLASS: наследуется "CLASS_SCOPE::CLASS_SCOPE::ReadMember" через превосходство
          c:\users\andr\documents\visual studio 2012\projects\script\script\classscope.h(43): см. объявление "CLASS_SCOPE::ReadMember"
c:\users\andr\documents\visual studio 2012\projects\script\script\string.h(146): warning C4250: STRING_CLASS: наследуется "CLASS_SCOPE::CLASS_SCOPE::WriteMember" через превосходство
          c:\users\andr\documents\visual studio 2012\projects\script\script\classscope.h(45): см. объявление "CLASS_SCOPE::WriteMember"
c:\users\andr\documents\visual studio 2012\projects\script\script\string.h(146): warning C4250: STRING_CLASS: наследуется "CLASS_SCOPE::CLASS_SCOPE::RemoveMember" через превосходство
          c:\users\andr\documents\visual studio 2012\projects\script\script\classscope.h(47): см. объявление "CLASS_SCOPE::RemoveMember"
c:\users\andr\documents\visual studio 2012\projects\script\script\string.h(146): warning C4250: STRING_CLASS: наследуется "CLASS_SCOPE::CLASS_SCOPE::OperatorReadByIndex" через превосходство
          c:\users\andr\documents\visual studio 2012\projects\script\script\classscope.h(51): см. объявление "CLASS_SCOPE::OperatorReadByIndex"
          c:\users\andr\documents\visual studio 2012\projects\script\script\classscope.h(50): см. объявление "CLASS_SCOPE::OperatorReadByIndex"
c:\users\andr\documents\visual studio 2012\projects\script\script\string.h(146): warning C4250: STRING_CLASS: наследуется "CLASS_SCOPE::CLASS_SCOPE::OperatorWriteByIndex" через превосходство
          c:\users\andr\documents\visual studio 2012\projects\script\script\classscope.h(55): см. объявление "CLASS_SCOPE::OperatorWriteByIndex"
          c:\users\andr\documents\visual studio 2012\projects\script\script\classscope.h(54): см. объявление "CLASS_SCOPE::OperatorWriteByIndex"
c:\users\andr\documents\visual studio 2012\projects\script\script\string.h(146): warning C4250: STRING_CLASS: наследуется "CLASS_SCOPE::CLASS_SCOPE::OperatorRemoveByIndex" через превосходство
          c:\users\andr\documents\visual studio 2012\projects\script\script\classscope.h(59): см. объявление "CLASS_SCOPE::OperatorRemoveByIndex"
          c:\users\andr\documents\visual studio 2012\projects\script\script\classscope.h(58): см. объявление "CLASS_SCOPE::OperatorRemoveByIndex"
c:\users\andr\documents\visual studio 2012\projects\script\script\string.h(146): warning C4250: STRING_CLASS: наследуется "CLASS_SCOPE::CLASS_SCOPE::EnumKey" через превосходство
          c:\users\andr\documents\visual studio 2012\projects\script\script\classscope.h(61): см. объявление "CLASS_SCOPE::EnumKey"
c:\users\andr\documents\visual studio 2012\projects\script\script\classmanager.cpp(6): error C2027: использование неопределенного типа "CLASS_MANAGER"
          c:\users\andr\documents\visual studio 2012\projects\script\script\class.h(242): см. объявление "CLASS_MANAGER"
c:\users\andr\documents\visual studio 2012\projects\script\script\classmanager.cpp(6): error C2146: синтаксическая ошибка: отсутствие ")" перед идентификатором "StrClass"
c:\users\andr\documents\visual studio 2012\projects\script\script\classmanager.cpp(6): error C2146: синтаксическая ошибка: отсутствие ";" перед идентификатором "StrClass"
c:\users\andr\documents\visual studio 2012\projects\script\script\classmanager.cpp(6): error C2079: "LPSTRING_CLASS" использует неопределенный class "CLASS_MANAGER"
c:\users\andr\documents\visual studio 2012\projects\script\script\classmanager.cpp(6): error C2377: LPSTRING_CLASS: переопределение; typedef нельзя перегрузить другим символом
          c:\users\andr\documents\visual studio 2012\projects\script\script\typedata.h(232): см. объявление "LPSTRING_CLASS"
c:\users\andr\documents\visual studio 2012\projects\script\script\classmanager.cpp(6): error C2059: синтаксическая ошибка: )
c:\users\andr\documents\visual studio 2012\projects\script\script\classmanager.cpp(6): error C2470: StrClass: выглядит как определение функции, но без списка параметров; пропускается вероятное тело функции
c:\users\andr\documents\visual studio 2012\projects\script\script\classmanager.cpp(6): error C2355: this: может указываться только в нестатических членах-функциях
c:\users\andr\documents\visual studio 2012\projects\script\script\classmanager.cpp(6): error C2065: StrClass: необъявленный идентификатор
c:\users\andr\documents\visual studio 2012\projects\script\script\classmanager.cpp(13): error C2027: использование неопределенного типа "CLASS_MANAGER"
          c:\users\andr\documents\visual studio 2012\projects\script\script\class.h(242): см. объявление "CLASS_MANAGER"
          c:\users\andr\documents\visual studio 2012\projects\script\script\class.h(242): см. объявление "CLASS_MANAGER"
c:\users\andr\documents\visual studio 2012\projects\script\script\classmanager.cpp(13): error C2039: _HASH_ELEM_STRING: не является членом "CLASS_MANAGER"
          c:\users\andr\documents\visual studio 2012\projects\script\script\class.h(242): см. объявление "CLASS_MANAGER"
c:\users\andr\documents\visual studio 2012\projects\script\script\classmanager.cpp(13): error C2146: синтаксическая ошибка: отсутствие ";" перед идентификатором "IndexByKey"
c:\users\andr\documents\visual studio 2012\projects\script\script\classmanager.cpp(13): error C4430: отсутствует спецификатор типа - предполагается int. Примечание. C++ не поддерживает int по умолчанию
c:\users\andr\documents\visual studio 2012\projects\script\script\classmanager.cpp(13): error C2061: синтаксическая ошибка: идентификатор "INDEX_OBJ_ELEMENT"
c:\users\andr\documents\visual studio 2012\projects\script\script\classmanager.cpp(14): error C4430: отсутствует спецификатор типа - предполагается int. Примечание. C++ не поддерживает int по умолчанию
c:\users\andr\documents\visual studio 2012\projects\script\script\classmanager.cpp(15): error C2065: MaxCount: необъявленный идентификатор
c:\users\andr\documents\visual studio 2012\projects\script\script\classmanager.cpp(15): warning C4508: IndexByKey: функция должна возвращать значение; предполагается возвращаемый тип "void"
  Создание кода...
  Компиляция...
  AcelerateInterator.cpp
c:\users\andr\documents\visual studio 2012\projects\script\script\typedata.h(26): warning C4005: MEM_FREE: изменение макроопределения
          c:\program files (x86)\windows kits\8.0\include\um\winnt.h(11537): см. предыдущее определение "MEM_FREE"
c:\users\andr\documents\visual studio 2012\projects\script\script\string.h(146): warning C4250: STRING_CLASS: наследуется "CLASS_SCOPE::CLASS_SCOPE::ReadMember" через превосходство
          c:\users\andr\documents\visual studio 2012\projects\script\script\classscope.h(43): см. объявление "CLASS_SCOPE::ReadMember"
c:\users\andr\documents\visual studio 2012\projects\script\script\string.h(146): warning C4250: STRING_CLASS: наследуется "CLASS_SCOPE::CLASS_SCOPE::WriteMember" через превосходство
          c:\users\andr\documents\visual studio 2012\projects\script\script\classscope.h(45): см. объявление "CLASS_SCOPE::WriteMember"
c:\users\andr\documents\visual studio 2012\projects\script\script\string.h(146): warning C4250: STRING_CLASS: наследуется "CLASS_SCOPE::CLASS_SCOPE::RemoveMember" через превосходство
          c:\users\andr\documents\visual studio 2012\projects\script\script\classscope.h(47): см. объявление "CLASS_SCOPE::RemoveMember"
c:\users\andr\documents\visual studio 2012\projects\script\script\string.h(146): warning C4250: STRING_CLASS: наследуется "CLASS_SCOPE::CLASS_SCOPE::OperatorReadByIndex" через превосходство
          c:\users\andr\documents\visual studio 2012\projects\script\script\classscope.h(51): см. объявление "CLASS_SCOPE::OperatorReadByIndex"
          c:\users\andr\documents\visual studio 2012\projects\script\script\classscope.h(50): см. объявление "CLASS_SCOPE::OperatorReadByIndex"
c:\users\andr\documents\visual studio 2012\projects\script\script\string.h(146): warning C4250: STRING_CLASS: наследуется "CLASS_SCOPE::CLASS_SCOPE::OperatorWriteByIndex" через превосходство
          c:\users\andr\documents\visual studio 2012\projects\script\script\classscope.h(55): см. объявление "CLASS_SCOPE::OperatorWriteByIndex"
          c:\users\andr\documents\visual studio 2012\projects\script\script\classscope.h(54): см. объявление "CLASS_SCOPE::OperatorWriteByIndex"
c:\users\andr\documents\visual studio 2012\projects\script\script\string.h(146): warning C4250: STRING_CLASS: наследуется "CLASS_SCOPE::CLASS_SCOPE::OperatorRemoveByIndex" через превосходство
          c:\users\andr\documents\visual studio 2012\projects\script\script\classscope.h(59): см. объявление "CLASS_SCOPE::OperatorRemoveByIndex"
          c:\users\andr\documents\visual studio 2012\projects\script\script\classscope.h(58): см. объявление "CLASS_SCOPE::OperatorRemoveByIndex"
c:\users\andr\documents\visual studio 2012\projects\script\script\string.h(146): warning C4250: STRING_CLASS: наследуется "CLASS_SCOPE::CLASS_SCOPE::EnumKey" через превосходство
          c:\users\andr\documents\visual studio 2012\projects\script\script\classscope.h(61): см. объявление "CLASS_SCOPE::EnumKey"
c:\program files (x86)\mvs12\vc\include\xlocnum(155): warning C4506: нет определения для подставляемой функции "STRING_CLASS::INDEX_OBJ_ELEMENT STRING_CLASS::_HASH_ELEM_STRING::IndexByKey(const LPHEADER_STRING,STRING_CLASS::INDEX_OBJ_ELEMENT)"
  Создание кода...
  Компиляция...
  StackLocalVar.cpp
c:\users\andr\documents\visual studio 2012\projects\script\script\typedata.h(26): warning C4005: MEM_FREE: изменение макроопределения
          c:\program files (x86)\windows kits\8.0\include\um\winnt.h(11537): см. предыдущее определение "MEM_FREE"
c:\users\andr\documents\visual studio 2012\projects\script\script\string.h(146): warning C4250: STRING_CLASS: наследуется "CLASS_SCOPE::CLASS_SCOPE::ReadMember" через превосходство
          c:\users\andr\documents\visual studio 2012\projects\script\script\classscope.h(43): см. объявление "CLASS_SCOPE::ReadMember"
c:\users\andr\documents\visual studio 2012\projects\script\script\string.h(146): warning C4250: STRING_CLASS: наследуется "CLASS_SCOPE::CLASS_SCOPE::WriteMember" через превосходство
          c:\users\andr\documents\visual studio 2012\projects\script\script\classscope.h(45): см. объявление "CLASS_SCOPE::WriteMember"
c:\users\andr\documents\visual studio 2012\projects\script\script\string.h(146): warning C4250: STRING_CLASS: наследуется "CLASS_SCOPE::CLASS_SCOPE::RemoveMember" через превосходство
          c:\users\andr\documents\visual studio 2012\projects\script\script\classscope.h(47): см. объявление "CLASS_SCOPE::RemoveMember"
c:\users\andr\documents\visual studio 2012\projects\script\script\string.h(146): warning C4250: STRING_CLASS: наследуется "CLASS_SCOPE::CLASS_SCOPE::OperatorReadByIndex" через превосходство
          c:\users\andr\documents\visual studio 2012\projects\script\script\classscope.h(51): см. объявление "CLASS_SCOPE::OperatorReadByIndex"
          c:\users\andr\documents\visual studio 2012\projects\script\script\classscope.h(50): см. объявление "CLASS_SCOPE::OperatorReadByIndex"
c:\users\andr\documents\visual studio 2012\projects\script\script\string.h(146): warning C4250: STRING_CLASS: наследуется "CLASS_SCOPE::CLASS_SCOPE::OperatorWriteByIndex" через превосходство
          c:\users\andr\documents\visual studio 2012\projects\script\script\classscope.h(55): см. объявление "CLASS_SCOPE::OperatorWriteByIndex"
          c:\users\andr\documents\visual studio 2012\projects\script\script\classscope.h(54): см. объявление "CLASS_SCOPE::OperatorWriteByIndex"
c:\users\andr\documents\visual studio 2012\projects\script\script\string.h(146): warning C4250: STRING_CLASS: наследуется "CLASS_SCOPE::CLASS_SCOPE::OperatorRemoveByIndex" через превосходство
          c:\users\andr\documents\visual studio 2012\projects\script\script\classscope.h(59): см. объявление "CLASS_SCOPE::OperatorRemoveByIndex"
          c:\users\andr\documents\visual studio 2012\projects\script\script\classscope.h(58): см. объявление "CLASS_SCOPE::OperatorRemoveByIndex"
c:\users\andr\documents\visual studio 2012\projects\script\script\string.h(146): warning C4250: STRING_CLASS: наследуется "CLASS_SCOPE::CLASS_SCOPE::EnumKey" через превосходство
          c:\users\andr\documents\visual studio 2012\projects\script\script\classscope.h(61): см. объявление "CLASS_SCOPE::EnumKey"
c:\program files (x86)\mvs12\vc\include\xlocnum(155): warning C4506: нет определения для подставляемой функции "STRING_CLASS::INDEX_OBJ_ELEMENT STRING_CLASS::_HASH_ELEM_STRING::IndexByKey(const LPHEADER_STRING,STRING_CLASS::INDEX_OBJ_ELEMENT)"
  ObjectClass.cpp
c:\users\andr\documents\visual studio 2012\projects\script\script\typedata.h(26): warning C4005: MEM_FREE: изменение макроопределения
          c:\program files (x86)\windows kits\8.0\include\um\winnt.h(11537): см. предыдущее определение "MEM_FREE"
c:\users\andr\documents\visual studio 2012\projects\script\script\string.h(146): warning C4250: STRING_CLASS: наследуется "CLASS_SCOPE::CLASS_SCOPE::ReadMember" через превосходство
          c:\users\andr\documents\visual studio 2012\projects\script\script\classscope.h(43): см. объявление "CLASS_SCOPE::ReadMember"
c:\users\andr\documents\visual studio 2012\projects\script\script\string.h(146): warning C4250: STRING_CLASS: наследуется "CLASS_SCOPE::CLASS_SCOPE::WriteMember" через превосходство
          c:\users\andr\documents\visual studio 2012\projects\script\script\classscope.h(45): см. объявление "CLASS_SCOPE::WriteMember"
c:\users\andr\documents\visual studio 2012\projects\script\script\string.h(146): warning C4250: STRING_CLASS: наследуется "CLASS_SCOPE::CLASS_SCOPE::RemoveMember" через превосходство
          c:\users\andr\documents\visual studio 2012\projects\script\script\classscope.h(47): см. объявление "CLASS_SCOPE::RemoveMember"
c:\users\andr\documents\visual studio 2012\projects\script\script\string.h(146): warning C4250: STRING_CLASS: наследуется "CLASS_SCOPE::CLASS_SCOPE::OperatorReadByIndex" через превосходство
          c:\users\andr\documents\visual studio 2012\projects\script\script\classscope.h(51): см. объявление "CLASS_SCOPE::OperatorReadByIndex"
          c:\users\andr\documents\visual studio 2012\projects\script\script\classscope.h(50): см. объявление "CLASS_SCOPE::OperatorReadByIndex"
c:\users\andr\documents\visual studio 2012\projects\script\script\string.h(146): warning C4250: STRING_CLASS: наследуется "CLASS_SCOPE::CLASS_SCOPE::OperatorWriteByIndex" через превосходство
          c:\users\andr\documents\visual studio 2012\projects\script\script\classscope.h(55): см. объявление "CLASS_SCOPE::OperatorWriteByIndex"
          c:\users\andr\documents\visual studio 2012\projects\script\script\classscope.h(54): см. объявление "CLASS_SCOPE::OperatorWriteByIndex"
c:\users\andr\documents\visual studio 2012\projects\script\script\string.h(146): warning C4250: STRING_CLASS: наследуется "CLASS_SCOPE::CLASS_SCOPE::OperatorRemoveByIndex" через превосходство
          c:\users\andr\documents\visual studio 2012\projects\script\script\classscope.h(59): см. объявление "CLASS_SCOPE::OperatorRemoveByIndex"
          c:\users\andr\documents\visual studio 2012\projects\script\script\classscope.h(58): см. объявление "CLASS_SCOPE::OperatorRemoveByIndex"
c:\users\andr\documents\visual studio 2012\projects\script\script\string.h(146): warning C4250: STRING_CLASS: наследуется "CLASS_SCOPE::CLASS_SCOPE::EnumKey" через превосходство
          c:\users\andr\documents\visual studio 2012\projects\script\script\classscope.h(61): см. объявление "CLASS_SCOPE::EnumKey"
c:\users\andr\documents\visual studio 2012\projects\script\script\objectclass.cpp(167): warning C4800: LPOBJECT_HEADER: принудительно задано логическое значение "true" или "false" (предупреждение о производительности)
c:\program files (x86)\mvs12\vc\include\xlocnum(155): warning C4506: нет определения для подставляемой функции "STRING_CLASS::INDEX_OBJ_ELEMENT STRING_CLASS::_HASH_ELEM_STRING::IndexByKey(const LPHEADER_STRING,STRING_CLASS::INDEX_OBJ_ELEMENT)"
  NativeMethod.cpp
c:\users\andr\documents\visual studio 2012\projects\script\script\typedata.h(26): warning C4005: MEM_FREE: изменение макроопределения
          c:\program files (x86)\windows kits\8.0\include\um\winnt.h(11537): см. предыдущее определение "MEM_FREE"
c:\users\andr\documents\visual studio 2012\projects\script\script\string.h(146): warning C4250: STRING_CLASS: наследуется "CLASS_SCOPE::CLASS_SCOPE::ReadMember" через превосходство
          c:\users\andr\documents\visual studio 2012\projects\script\script\classscope.h(43): см. объявление "CLASS_SCOPE::ReadMember"
c:\users\andr\documents\visual studio 2012\projects\script\script\string.h(146): warning C4250: STRING_CLASS: наследуется "CLASS_SCOPE::CLASS_SCOPE::WriteMember" через превосходство
          c:\users\andr\documents\visual studio 2012\projects\script\script\classscope.h(45): см. объявление "CLASS_SCOPE::WriteMember"
c:\users\andr\documents\visual studio 2012\projects\script\script\string.h(146): warning C4250: STRING_CLASS: наследуется "CLASS_SCOPE::CLASS_SCOPE::RemoveMember" через превосходство
          c:\users\andr\documents\visual studio 2012\projects\script\script\classscope.h(47): см. объявление "CLASS_SCOPE::RemoveMember"
c:\users\andr\documents\visual studio 2012\projects\script\script\string.h(146): warning C4250: STRING_CLASS: наследуется "CLASS_SCOPE::CLASS_SCOPE::OperatorReadByIndex" через превосходство
          c:\users\andr\documents\visual studio 2012\projects\script\script\classscope.h(51): см. объявление "CLASS_SCOPE::OperatorReadByIndex"
          c:\users\andr\documents\visual studio 2012\projects\script\script\classscope.h(50): см. объявление "CLASS_SCOPE::OperatorReadByIndex"
c:\users\andr\documents\visual studio 2012\projects\script\script\string.h(146): warning C4250: STRING_CLASS: наследуется "CLASS_SCOPE::CLASS_SCOPE::OperatorWriteByIndex" через превосходство
          c:\users\andr\documents\visual studio 2012\projects\script\script\classscope.h(55): см. объявление "CLASS_SCOPE::OperatorWriteByIndex"
          c:\users\andr\documents\visual studio 2012\projects\script\script\classscope.h(54): см. объявление "CLASS_SCOPE::OperatorWriteByIndex"
c:\users\andr\documents\visual studio 2012\projects\script\script\string.h(146): warning C4250: STRING_CLASS: наследуется "CLASS_SCOPE::CLASS_SCOPE::OperatorRemoveByIndex" через превосходство
          c:\users\andr\documents\visual studio 2012\projects\script\script\classscope.h(59): см. объявление "CLASS_SCOPE::OperatorRemoveByIndex"
          c:\users\andr\documents\visual studio 2012\projects\script\script\classscope.h(58): см. объявление "CLASS_SCOPE::OperatorRemoveByIndex"
c:\users\andr\documents\visual studio 2012\projects\script\script\string.h(146): warning C4250: STRING_CLASS: наследуется "CLASS_SCOPE::CLASS_SCOPE::EnumKey" через превосходство
          c:\users\andr\documents\visual studio 2012\projects\script\script\classscope.h(61): см. объявление "CLASS_SCOPE::EnumKey"
c:\program files (x86)\mvs12\vc\include\xlocnum(155): warning C4506: нет определения для подставляемой функции "STRING_CLASS::INDEX_OBJ_ELEMENT STRING_CLASS::_HASH_ELEM_STRING::IndexByKey(const LPHEADER_STRING,STRING_CLASS::INDEX_OBJ_ELEMENT)"
  Method.cpp
c:\users\andr\documents\visual studio 2012\projects\script\script\typedata.h(26): warning C4005: MEM_FREE: изменение макроопределения
          c:\program files (x86)\windows kits\8.0\include\um\winnt.h(11537): см. предыдущее определение "MEM_FREE"
c:\users\andr\documents\visual studio 2012\projects\script\script\string.h(146): warning C4250: STRING_CLASS: наследуется "CLASS_SCOPE::CLASS_SCOPE::ReadMember" через превосходство
          c:\users\andr\documents\visual studio 2012\projects\script\script\classscope.h(43): см. объявление "CLASS_SCOPE::ReadMember"
c:\users\andr\documents\visual studio 2012\projects\script\script\string.h(146): warning C4250: STRING_CLASS: наследуется "CLASS_SCOPE::CLASS_SCOPE::WriteMember" через превосходство
          c:\users\andr\documents\visual studio 2012\projects\script\script\classscope.h(45): см. объявление "CLASS_SCOPE::WriteMember"
c:\users\andr\documents\visual studio 2012\projects\script\script\string.h(146): warning C4250: STRING_CLASS: наследуется "CLASS_SCOPE::CLASS_SCOPE::RemoveMember" через превосходство
          c:\users\andr\documents\visual studio 2012\projects\script\script\classscope.h(47): см. объявление "CLASS_SCOPE::RemoveMember"
c:\users\andr\documents\visual studio 2012\projects\script\script\string.h(146): warning C4250: STRING_CLASS: наследуется "CLASS_SCOPE::CLASS_SCOPE::OperatorReadByIndex" через превосходство
          c:\users\andr\documents\visual studio 2012\projects\script\script\classscope.h(51): см. объявление "CLASS_SCOPE::OperatorReadByIndex"
          c:\users\andr\documents\visual studio 2012\projects\script\script\classscope.h(50): см. объявление "CLASS_SCOPE::OperatorReadByIndex"
c:\users\andr\documents\visual studio 2012\projects\script\script\string.h(146): warning C4250: STRING_CLASS: наследуется "CLASS_SCOPE::CLASS_SCOPE::OperatorWriteByIndex" через превосходство
          c:\users\andr\documents\visual studio 2012\projects\script\script\classscope.h(55): см. объявление "CLASS_SCOPE::OperatorWriteByIndex"
          c:\users\andr\documents\visual studio 2012\projects\script\script\classscope.h(54): см. объявление "CLASS_SCOPE::OperatorWriteByIndex"
c:\users\andr\documents\visual studio 2012\projects\script\script\string.h(146): warning C4250: STRING_CLASS: наследуется "CLASS_SCOPE::CLASS_SCOPE::OperatorRemoveByIndex" через превосходство
          c:\users\andr\documents\visual studio 2012\projects\script\script\classscope.h(59): см. объявление "CLASS_SCOPE::OperatorRemoveByIndex"
          c:\users\andr\documents\visual studio 2012\projects\script\script\classscope.h(58): см. объявление "CLASS_SCOPE::OperatorRemoveByIndex"
c:\users\andr\documents\visual studio 2012\projects\script\script\string.h(146): warning C4250: STRING_CLASS: наследуется "CLASS_SCOPE::CLASS_SCOPE::EnumKey" через превосходство
          c:\users\andr\documents\visual studio 2012\projects\script\script\classscope.h(61): см. объявление "CLASS_SCOPE::EnumKey"
c:\users\andr\documents\visual studio 2012\projects\script\script\method.cpp(37): error C2039: MarkAsUsed: не является членом "INSIDE_DATA"
          c:\users\andr\documents\visual studio 2012\projects\script\script\typedata.h(272): см. объявление "INSIDE_DATA"
c:\users\andr\documents\visual studio 2012\projects\script\script\method.cpp(59): warning C4244: инициализация: преобразование "float" в "unsigned int", возможна потеря данных
  main.cpp
c:\users\andr\documents\visual studio 2012\projects\script\script\typedata.h(26): warning C4005: MEM_FREE: изменение макроопределения
          c:\program files (x86)\windows kits\8.0\include\um\winnt.h(11537): см. предыдущее определение "MEM_FREE"
c:\users\andr\documents\visual studio 2012\projects\script\script\string.h(146): warning C4250: STRING_CLASS: наследуется "CLASS_SCOPE::CLASS_SCOPE::ReadMember" через превосходство
          c:\users\andr\documents\visual studio 2012\projects\script\script\classscope.h(43): см. объявление "CLASS_SCOPE::ReadMember"
c:\users\andr\documents\visual studio 2012\projects\script\script\string.h(146): warning C4250: STRING_CLASS: наследуется "CLASS_SCOPE::CLASS_SCOPE::WriteMember" через превосходство
          c:\users\andr\documents\visual studio 2012\projects\script\script\classscope.h(45): см. объявление "CLASS_SCOPE::WriteMember"
c:\users\andr\documents\visual studio 2012\projects\script\script\string.h(146): warning C4250: STRING_CLASS: наследуется "CLASS_SCOPE::CLASS_SCOPE::RemoveMember" через превосходство
          c:\users\andr\documents\visual studio 2012\projects\script\script\classscope.h(47): см. объявление "CLASS_SCOPE::RemoveMember"
c:\users\andr\documents\visual studio 2012\projects\script\script\string.h(146): warning C4250: STRING_CLASS: наследуется "CLASS_SCOPE::CLASS_SCOPE::OperatorReadByIndex" через превосходство
          c:\users\andr\documents\visual studio 2012\projects\script\script\classscope.h(51): см. объявление "CLASS_SCOPE::OperatorReadByIndex"
          c:\users\andr\documents\visual studio 2012\projects\script\script\classscope.h(50): см. объявление "CLASS_SCOPE::OperatorReadByIndex"
c:\users\andr\documents\visual studio 2012\projects\script\script\string.h(146): warning C4250: STRING_CLASS: наследуется "CLASS_SCOPE::CLASS_SCOPE::OperatorWriteByIndex" через превосходство
          c:\users\andr\documents\visual studio 2012\projects\script\script\classscope.h(55): см. объявление "CLASS_SCOPE::OperatorWriteByIndex"
          c:\users\andr\documents\visual studio 2012\projects\script\script\classscope.h(54): см. объявление "CLASS_SCOPE::OperatorWriteByIndex"
c:\users\andr\documents\visual studio 2012\projects\script\script\string.h(146): warning C4250: STRING_CLASS: наследуется "CLASS_SCOPE::CLASS_SCOPE::OperatorRemoveByIndex" через превосходство
          c:\users\andr\documents\visual studio 2012\projects\script\script\classscope.h(59): см. объявление "CLASS_SCOPE::OperatorRemoveByIndex"
          c:\users\andr\documents\visual studio 2012\projects\script\script\classscope.h(58): см. объявление "CLASS_SCOPE::OperatorRemoveByIndex"
c:\users\andr\documents\visual studio 2012\projects\script\script\string.h(146): warning C4250: STRING_CLASS: наследуется "CLASS_SCOPE::CLASS_SCOPE::EnumKey" через превосходство
          c:\users\andr\documents\visual studio 2012\projects\script\script\classscope.h(61): см. объявление "CLASS_SCOPE::EnumKey"
c:\users\andr\documents\visual studio 2012\projects\script\script\main.cpp(26): error C2664: void STRING_CLASS::ToString(INSTANCE_CLASS,LPINTERNAL_CHAR,TSIZE_STR): невозможно преобразовать параметр 3 из "TSIZE_STR *" в "TSIZE_STR"
          Не существует контекста, в котором такое преобразование возможно
c:\users\andr\documents\visual studio 2012\projects\script\script\main.cpp(38): warning C4800: LPHEADER_STRING: принудительно задано логическое значение "true" или "false" (предупреждение о производительности)
c:\users\andr\documents\visual studio 2012\projects\script\script\main.cpp(78): error C2039: MarkAsUsed: не является членом "INSIDE_DATA"
          c:\users\andr\documents\visual studio 2012\projects\script\script\typedata.h(272): см. объявление "INSIDE_DATA"
  LoadFromFile.cpp
c:\users\andr\documents\visual studio 2012\projects\script\script\typedata.h(26): warning C4005: MEM_FREE: изменение макроопределения
          c:\program files (x86)\windows kits\8.0\include\um\winnt.h(11537): см. предыдущее определение "MEM_FREE"
c:\users\andr\documents\visual studio 2012\projects\script\script\string.h(146): warning C4250: STRING_CLASS: наследуется "CLASS_SCOPE::CLASS_SCOPE::ReadMember" через превосходство
          c:\users\andr\documents\visual studio 2012\projects\script\script\classscope.h(43): см. объявление "CLASS_SCOPE::ReadMember"
c:\users\andr\documents\visual studio 2012\projects\script\script\string.h(146): warning C4250: STRING_CLASS: наследуется "CLASS_SCOPE::CLASS_SCOPE::WriteMember" через превосходство
          c:\users\andr\documents\visual studio 2012\projects\script\script\classscope.h(45): см. объявление "CLASS_SCOPE::WriteMember"
c:\users\andr\documents\visual studio 2012\projects\script\script\string.h(146): warning C4250: STRING_CLASS: наследуется "CLASS_SCOPE::CLASS_SCOPE::RemoveMember" через превосходство
          c:\users\andr\documents\visual studio 2012\projects\script\script\classscope.h(47): см. объявление "CLASS_SCOPE::RemoveMember"
c:\users\andr\documents\visual studio 2012\projects\script\script\string.h(146): warning C4250: STRING_CLASS: наследуется "CLASS_SCOPE::CLASS_SCOPE::OperatorReadByIndex" через превосходство
          c:\users\andr\documents\visual studio 2012\projects\script\script\classscope.h(51): см. объявление "CLASS_SCOPE::OperatorReadByIndex"
          c:\users\andr\documents\visual studio 2012\projects\script\script\classscope.h(50): см. объявление "CLASS_SCOPE::OperatorReadByIndex"
c:\users\andr\documents\visual studio 2012\projects\script\script\string.h(146): warning C4250: STRING_CLASS: наследуется "CLASS_SCOPE::CLASS_SCOPE::OperatorWriteByIndex" через превосходство
          c:\users\andr\documents\visual studio 2012\projects\script\script\classscope.h(55): см. объявление "CLASS_SCOPE::OperatorWriteByIndex"
          c:\users\andr\documents\visual studio 2012\projects\script\script\classscope.h(54): см. объявление "CLASS_SCOPE::OperatorWriteByIndex"
c:\users\andr\documents\visual studio 2012\projects\script\script\string.h(146): warning C4250: STRING_CLASS: наследуется "CLASS_SCOPE::CLASS_SCOPE::OperatorRemoveByIndex" через превосходство
          c:\users\andr\documents\visual studio 2012\projects\script\script\classscope.h(59): см. объявление "CLASS_SCOPE::OperatorRemoveByIndex"
          c:\users\andr\documents\visual studio 2012\projects\script\script\classscope.h(58): см. объявление "CLASS_SCOPE::OperatorRemoveByIndex"
c:\users\andr\documents\visual studio 2012\projects\script\script\string.h(146): warning C4250: STRING_CLASS: наследуется "CLASS_SCOPE::CLASS_SCOPE::EnumKey" через превосходство
          c:\users\andr\documents\visual studio 2012\projects\script\script\classscope.h(61): см. объявление "CLASS_SCOPE::EnumKey"
c:\users\andr\documents\visual studio 2012\projects\script\script\loadfromfile.cpp(511): warning C4102: lblBadMethodIndex: неиспользованная метка
c:\program files (x86)\mvs12\vc\include\xlocnum(155): warning C4506: нет определения для подставляемой функции "STRING_CLASS::INDEX_OBJ_ELEMENT STRING_CLASS::_HASH_ELEM_STRING::IndexByKey(const LPHEADER_STRING,STRING_CLASS::INDEX_OBJ_ELEMENT)"
  InitStatic.cpp
c:\users\andr\documents\visual studio 2012\projects\script\script\typedata.h(26): warning C4005: MEM_FREE: изменение макроопределения
          c:\program files (x86)\windows kits\8.0\include\um\winnt.h(11537): см. предыдущее определение "MEM_FREE"
c:\users\andr\documents\visual studio 2012\projects\script\script\string.h(146): warning C4250: STRING_CLASS: наследуется "CLASS_SCOPE::CLASS_SCOPE::ReadMember" через превосходство
          c:\users\andr\documents\visual studio 2012\projects\script\script\classscope.h(43): см. объявление "CLASS_SCOPE::ReadMember"
c:\users\andr\documents\visual studio 2012\projects\script\script\string.h(146): warning C4250: STRING_CLASS: наследуется "CLASS_SCOPE::CLASS_SCOPE::WriteMember" через превосходство
          c:\users\andr\documents\visual studio 2012\projects\script\script\classscope.h(45): см. объявление "CLASS_SCOPE::WriteMember"
c:\users\andr\documents\visual studio 2012\projects\script\script\string.h(146): warning C4250: STRING_CLASS: наследуется "CLASS_SCOPE::CLASS_SCOPE::RemoveMember" через превосходство
          c:\users\andr\documents\visual studio 2012\projects\script\script\classscope.h(47): см. объявление "CLASS_SCOPE::RemoveMember"
c:\users\andr\documents\visual studio 2012\projects\script\script\string.h(146): warning C4250: STRING_CLASS: наследуется "CLASS_SCOPE::CLASS_SCOPE::OperatorReadByIndex" через превосходство
          c:\users\andr\documents\visual studio 2012\projects\script\script\classscope.h(51): см. объявление "CLASS_SCOPE::OperatorReadByIndex"
          c:\users\andr\documents\visual studio 2012\projects\script\script\classscope.h(50): см. объявление "CLASS_SCOPE::OperatorReadByIndex"
c:\users\andr\documents\visual studio 2012\projects\script\script\string.h(146): warning C4250: STRING_CLASS: наследуется "CLASS_SCOPE::CLASS_SCOPE::OperatorWriteByIndex" через превосходство
          c:\users\andr\documents\visual studio 2012\projects\script\script\classscope.h(55): см. объявление "CLASS_SCOPE::OperatorWriteByIndex"
          c:\users\andr\documents\visual studio 2012\projects\script\script\classscope.h(54): см. объявление "CLASS_SCOPE::OperatorWriteByIndex"
c:\users\andr\documents\visual studio 2012\projects\script\script\string.h(146): warning C4250: STRING_CLASS: наследуется "CLASS_SCOPE::CLASS_SCOPE::OperatorRemoveByIndex" через превосходство
          c:\users\andr\documents\visual studio 2012\projects\script\script\classscope.h(59): см. объявление "CLASS_SCOPE::OperatorRemoveByIndex"
          c:\users\andr\documents\visual studio 2012\projects\script\script\classscope.h(58): см. объявление "CLASS_SCOPE::OperatorRemoveByIndex"
c:\users\andr\documents\visual studio 2012\projects\script\script\string.h(146): warning C4250: STRING_CLASS: наследуется "CLASS_SCOPE::CLASS_SCOPE::EnumKey" через превосходство
          c:\users\andr\documents\visual studio 2012\projects\script\script\classscope.h(61): см. объявление "CLASS_SCOPE::EnumKey"
c:\program files (x86)\mvs12\vc\include\xlocnum(155): warning C4506: нет определения для подставляемой функции "STRING_CLASS::INDEX_OBJ_ELEMENT STRING_CLASS::_HASH_ELEM_STRING::IndexByKey(const LPHEADER_STRING,STRING_CLASS::INDEX_OBJ_ELEMENT)"
c:\program files (x86)\mvs12\vc\include\xlocnum(155): warning C4506: нет определения для подставляемой функции "GLOBAL_SCOPE_CLASS::INDEX_OBJ_ELEMENT GLOBAL_SCOPE_CLASS::HASH_ELEMENT::IndexByKey(LPHEADER_STRING,GLOBAL_SCOPE_CLASS::INDEX_OBJ_ELEMENT)"
  GlobalScope.cpp
c:\users\andr\documents\visual studio 2012\projects\script\script\typedata.h(26): warning C4005: MEM_FREE: изменение макроопределения
          c:\program files (x86)\windows kits\8.0\include\um\winnt.h(11537): см. предыдущее определение "MEM_FREE"
c:\users\andr\documents\visual studio 2012\projects\script\script\string.h(146): warning C4250: STRING_CLASS: наследуется "CLASS_SCOPE::CLASS_SCOPE::ReadMember" через превосходство
          c:\users\andr\documents\visual studio 2012\projects\script\script\classscope.h(43): см. объявление "CLASS_SCOPE::ReadMember"
c:\users\andr\documents\visual studio 2012\projects\script\script\string.h(146): warning C4250: STRING_CLASS: наследуется "CLASS_SCOPE::CLASS_SCOPE::WriteMember" через превосходство
          c:\users\andr\documents\visual studio 2012\projects\script\script\classscope.h(45): см. объявление "CLASS_SCOPE::WriteMember"
c:\users\andr\documents\visual studio 2012\projects\script\script\string.h(146): warning C4250: STRING_CLASS: наследуется "CLASS_SCOPE::CLASS_SCOPE::RemoveMember" через превосходство
          c:\users\andr\documents\visual studio 2012\projects\script\script\classscope.h(47): см. объявление "CLASS_SCOPE::RemoveMember"
c:\users\andr\documents\visual studio 2012\projects\script\script\string.h(146): warning C4250: STRING_CLASS: наследуется "CLASS_SCOPE::CLASS_SCOPE::OperatorReadByIndex" через превосходство
          c:\users\andr\documents\visual studio 2012\projects\script\script\classscope.h(51): см. объявление "CLASS_SCOPE::OperatorReadByIndex"
          c:\users\andr\documents\visual studio 2012\projects\script\script\classscope.h(50): см. объявление "CLASS_SCOPE::OperatorReadByIndex"
c:\users\andr\documents\visual studio 2012\projects\script\script\string.h(146): warning C4250: STRING_CLASS: наследуется "CLASS_SCOPE::CLASS_SCOPE::OperatorWriteByIndex" через превосходство
          c:\users\andr\documents\visual studio 2012\projects\script\script\classscope.h(55): см. объявление "CLASS_SCOPE::OperatorWriteByIndex"
          c:\users\andr\documents\visual studio 2012\projects\script\script\classscope.h(54): см. объявление "CLASS_SCOPE::OperatorWriteByIndex"
c:\users\andr\documents\visual studio 2012\projects\script\script\string.h(146): warning C4250: STRING_CLASS: наследуется "CLASS_SCOPE::CLASS_SCOPE::OperatorRemoveByIndex" через превосходство
          c:\users\andr\documents\visual studio 2012\projects\script\script\classscope.h(59): см. объявление "CLASS_SCOPE::OperatorRemoveByIndex"
          c:\users\andr\documents\visual studio 2012\projects\script\script\classscope.h(58): см. объявление "CLASS_SCOPE::OperatorRemoveByIndex"
c:\users\andr\documents\visual studio 2012\projects\script\script\string.h(146): warning C4250: STRING_CLASS: наследуется "CLASS_SCOPE::CLASS_SCOPE::EnumKey" через превосходство
          c:\users\andr\documents\visual studio 2012\projects\script\script\classscope.h(61): см. объявление "CLASS_SCOPE::EnumKey"
c:\users\andr\documents\visual studio 2012\projects\script\script\globalscope.cpp(41): warning C4800: const LPINSIDE_DATA: принудительно задано логическое значение "true" или "false" (предупреждение о производительности)
c:\users\andr\documents\visual studio 2012\projects\script\script\globalscope.cpp(87): warning C4800: LPHEADER_STRING: принудительно задано логическое значение "true" или "false" (предупреждение о производительности)
c:\program files (x86)\mvs12\vc\include\xlocnum(155): warning C4506: нет определения для подставляемой функции "STRING_CLASS::INDEX_OBJ_ELEMENT STRING_CLASS::_HASH_ELEM_STRING::IndexByKey(const LPHEADER_STRING,STRING_CLASS::INDEX_OBJ_ELEMENT)"
  ExceptionHandler.cpp
c:\users\andr\documents\visual studio 2012\projects\script\script\typedata.h(26): warning C4005: MEM_FREE: изменение макроопределения
          c:\program files (x86)\windows kits\8.0\include\um\winnt.h(11537): см. предыдущее определение "MEM_FREE"
c:\users\andr\documents\visual studio 2012\projects\script\script\string.h(146): warning C4250: STRING_CLASS: наследуется "CLASS_SCOPE::CLASS_SCOPE::ReadMember" через превосходство
          c:\users\andr\documents\visual studio 2012\projects\script\script\classscope.h(43): см. объявление "CLASS_SCOPE::ReadMember"
c:\users\andr\documents\visual studio 2012\projects\script\script\string.h(146): warning C4250: STRING_CLASS: наследуется "CLASS_SCOPE::CLASS_SCOPE::WriteMember" через превосходство
          c:\users\andr\documents\visual studio 2012\projects\script\script\classscope.h(45): см. объявление "CLASS_SCOPE::WriteMember"
c:\users\andr\documents\visual studio 2012\projects\script\script\string.h(146): warning C4250: STRING_CLASS: наследуется "CLASS_SCOPE::CLASS_SCOPE::RemoveMember" через превосходство
          c:\users\andr\documents\visual studio 2012\projects\script\script\classscope.h(47): см. объявление "CLASS_SCOPE::RemoveMember"
c:\users\andr\documents\visual studio 2012\projects\script\script\string.h(146): warning C4250: STRING_CLASS: наследуется "CLASS_SCOPE::CLASS_SCOPE::OperatorReadByIndex" через превосходство
          c:\users\andr\documents\visual studio 2012\projects\script\script\classscope.h(51): см. объявление "CLASS_SCOPE::OperatorReadByIndex"
          c:\users\andr\documents\visual studio 2012\projects\script\script\classscope.h(50): см. объявление "CLASS_SCOPE::OperatorReadByIndex"
c:\users\andr\documents\visual studio 2012\projects\script\script\string.h(146): warning C4250: STRING_CLASS: наследуется "CLASS_SCOPE::CLASS_SCOPE::OperatorWriteByIndex" через превосходство
          c:\users\andr\documents\visual studio 2012\projects\script\script\classscope.h(55): см. объявление "CLASS_SCOPE::OperatorWriteByIndex"
          c:\users\andr\documents\visual studio 2012\projects\script\script\classscope.h(54): см. объявление "CLASS_SCOPE::OperatorWriteByIndex"
c:\users\andr\documents\visual studio 2012\projects\script\script\string.h(146): warning C4250: STRING_CLASS: наследуется "CLASS_SCOPE::CLASS_SCOPE::OperatorRemoveByIndex" через превосходство
          c:\users\andr\documents\visual studio 2012\projects\script\script\classscope.h(59): см. объявление "CLASS_SCOPE::OperatorRemoveByIndex"
          c:\users\andr\documents\visual studio 2012\projects\script\script\classscope.h(58): см. объявление "CLASS_SCOPE::OperatorRemoveByIndex"
c:\users\andr\documents\visual studio 2012\projects\script\script\string.h(146): warning C4250: STRING_CLASS: наследуется "CLASS_SCOPE::CLASS_SCOPE::EnumKey" через превосходство
          c:\users\andr\documents\visual studio 2012\projects\script\script\classscope.h(61): см. объявление "CLASS_SCOPE::EnumKey"
c:\users\andr\documents\visual studio 2012\projects\script\script\exceptionhandler.cpp(35): error C2039: RegisterCommonString: не является членом "STRING_CLASS"
          c:\users\andr\documents\visual studio 2012\projects\script\script\string.h(10): см. объявление "STRING_CLASS"
c:\users\andr\documents\visual studio 2012\projects\script\script\exceptionhandler.cpp(38): error C2039: RegisterCommonString: не является членом "STRING_CLASS"
          c:\users\andr\documents\visual studio 2012\projects\script\script\string.h(10): см. объявление "STRING_CLASS"
c:\users\andr\documents\visual studio 2012\projects\script\script\exceptionhandler.cpp(63): error C2039: RegisterCommonString: не является членом "STRING_CLASS"
          c:\users\andr\documents\visual studio 2012\projects\script\script\string.h(10): см. объявление "STRING_CLASS"
c:\users\andr\documents\visual studio 2012\projects\script\script\exceptionhandler.cpp(69): error C2039: RegisterCommonString: не является членом "STRING_CLASS"
          c:\users\andr\documents\visual studio 2012\projects\script\script\string.h(10): см. объявление "STRING_CLASS"
c:\users\andr\documents\visual studio 2012\projects\script\script\exceptionhandler.cpp(74): error C2039: RegisterCommonString: не является членом "STRING_CLASS"
          c:\users\andr\documents\visual studio 2012\projects\script\script\string.h(10): см. объявление "STRING_CLASS"
c:\users\andr\documents\visual studio 2012\projects\script\script\exceptionhandler.cpp(89): error C2039: RegisterCommonString: не является членом "STRING_CLASS"
          c:\users\andr\documents\visual studio 2012\projects\script\script\string.h(10): см. объявление "STRING_CLASS"
  Context.cpp
c:\users\andr\documents\visual studio 2012\projects\script\script\typedata.h(26): warning C4005: MEM_FREE: изменение макроопределения
          c:\program files (x86)\windows kits\8.0\include\um\winnt.h(11537): см. предыдущее определение "MEM_FREE"
c:\users\andr\documents\visual studio 2012\projects\script\script\string.h(146): warning C4250: STRING_CLASS: наследуется "CLASS_SCOPE::CLASS_SCOPE::ReadMember" через превосходство
          c:\users\andr\documents\visual studio 2012\projects\script\script\classscope.h(43): см. объявление "CLASS_SCOPE::ReadMember"
c:\users\andr\documents\visual studio 2012\projects\script\script\string.h(146): warning C4250: STRING_CLASS: наследуется "CLASS_SCOPE::CLASS_SCOPE::WriteMember" через превосходство
          c:\users\andr\documents\visual studio 2012\projects\script\script\classscope.h(45): см. объявление "CLASS_SCOPE::WriteMember"
c:\users\andr\documents\visual studio 2012\projects\script\script\string.h(146): warning C4250: STRING_CLASS: наследуется "CLASS_SCOPE::CLASS_SCOPE::RemoveMember" через превосходство
          c:\users\andr\documents\visual studio 2012\projects\script\script\classscope.h(47): см. объявление "CLASS_SCOPE::RemoveMember"
c:\users\andr\documents\visual studio 2012\projects\script\script\string.h(146): warning C4250: STRING_CLASS: наследуется "CLASS_SCOPE::CLASS_SCOPE::OperatorReadByIndex" через превосходство
          c:\users\andr\documents\visual studio 2012\projects\script\script\classscope.h(51): см. объявление "CLASS_SCOPE::OperatorReadByIndex"
          c:\users\andr\documents\visual studio 2012\projects\script\script\classscope.h(50): см. объявление "CLASS_SCOPE::OperatorReadByIndex"
c:\users\andr\documents\visual studio 2012\projects\script\script\string.h(146): warning C4250: STRING_CLASS: наследуется "CLASS_SCOPE::CLASS_SCOPE::OperatorWriteByIndex" через превосходство
          c:\users\andr\documents\visual studio 2012\projects\script\script\classscope.h(55): см. объявление "CLASS_SCOPE::OperatorWriteByIndex"
          c:\users\andr\documents\visual studio 2012\projects\script\script\classscope.h(54): см. объявление "CLASS_SCOPE::OperatorWriteByIndex"
c:\users\andr\documents\visual studio 2012\projects\script\script\string.h(146): warning C4250: STRING_CLASS: наследуется "CLASS_SCOPE::CLASS_SCOPE::OperatorRemoveByIndex" через превосходство
          c:\users\andr\documents\visual studio 2012\projects\script\script\classscope.h(59): см. объявление "CLASS_SCOPE::OperatorRemoveByIndex"
          c:\users\andr\documents\visual studio 2012\projects\script\script\classscope.h(58): см. объявление "CLASS_SCOPE::OperatorRemoveByIndex"
c:\users\andr\documents\visual studio 2012\projects\script\script\string.h(146): warning C4250: STRING_CLASS: наследуется "CLASS_SCOPE::CLASS_SCOPE::EnumKey" через превосходство
          c:\users\andr\documents\visual studio 2012\projects\script\script\classscope.h(61): см. объявление "CLASS_SCOPE::EnumKey"
c:\users\andr\documents\visual studio 2012\projects\script\script\context.cpp(380): error C2664: LPHEADER_STRING STRING_CLASS::TypeOf(LPSTRING_CLASS): невозможно преобразовать параметр 1 из "LPINLINE_INSIDE_DATA" в "LPSTRING_CLASS"
          Типы, на которые указывают указатели, не связаны; для преобразования требуется reinterpret_cast, приведение в стиле С или приведение в стиле функции
c:\users\andr\documents\visual studio 2012\projects\script\script\context.cpp(489): error C2664: LPHEADER_STRING STRING_CLASS::TypeOf(LPSTRING_CLASS): невозможно преобразовать параметр 1 из "LPINLINE_INSIDE_DATA" в "LPSTRING_CLASS"
          Типы, на которые указывают указатели, не связаны; для преобразования требуется reinterpret_cast, приведение в стиле С или приведение в стиле функции
c:\users\andr\documents\visual studio 2012\projects\script\script\context.cpp(515): warning C4800: LPINSIDE_DATA: принудительно задано логическое значение "true" или "false" (предупреждение о производительности)
c:\users\andr\documents\visual studio 2012\projects\script\script\context.cpp(534): warning C4800: const LPHEADER_EXCEPTION: принудительно задано логическое значение "true" или "false" (предупреждение о производительности)
  ClassScope.cpp
c:\users\andr\documents\visual studio 2012\projects\script\script\typedata.h(26): warning C4005: MEM_FREE: изменение макроопределения
          c:\program files (x86)\windows kits\8.0\include\um\winnt.h(11537): см. предыдущее определение "MEM_FREE"
c:\users\andr\documents\visual studio 2012\projects\script\script\string.h(146): warning C4250: STRING_CLASS: наследуется "CLASS_SCOPE::CLASS_SCOPE::ReadMember" через превосходство
          c:\users\andr\documents\visual studio 2012\projects\script\script\classscope.h(43): см. объявление "CLASS_SCOPE::ReadMember"
c:\users\andr\documents\visual studio 2012\projects\script\script\string.h(146): warning C4250: STRING_CLASS: наследуется "CLASS_SCOPE::CLASS_SCOPE::WriteMember" через превосходство
          c:\users\andr\documents\visual studio 2012\projects\script\script\classscope.h(45): см. объявление "CLASS_SCOPE::WriteMember"
c:\users\andr\documents\visual studio 2012\projects\script\script\string.h(146): warning C4250: STRING_CLASS: наследуется "CLASS_SCOPE::CLASS_SCOPE::RemoveMember" через превосходство
          c:\users\andr\documents\visual studio 2012\projects\script\script\classscope.h(47): см. объявление "CLASS_SCOPE::RemoveMember"
c:\users\andr\documents\visual studio 2012\projects\script\script\string.h(146): warning C4250: STRING_CLASS: наследуется "CLASS_SCOPE::CLASS_SCOPE::OperatorReadByIndex" через превосходство
          c:\users\andr\documents\visual studio 2012\projects\script\script\classscope.h(51): см. объявление "CLASS_SCOPE::OperatorReadByIndex"
          c:\users\andr\documents\visual studio 2012\projects\script\script\classscope.h(50): см. объявление "CLASS_SCOPE::OperatorReadByIndex"
c:\users\andr\documents\visual studio 2012\projects\script\script\string.h(146): warning C4250: STRING_CLASS: наследуется "CLASS_SCOPE::CLASS_SCOPE::OperatorWriteByIndex" через превосходство
          c:\users\andr\documents\visual studio 2012\projects\script\script\classscope.h(55): см. объявление "CLASS_SCOPE::OperatorWriteByIndex"
          c:\users\andr\documents\visual studio 2012\projects\script\script\classscope.h(54): см. объявление "CLASS_SCOPE::OperatorWriteByIndex"
c:\users\andr\documents\visual studio 2012\projects\script\script\string.h(146): warning C4250: STRING_CLASS: наследуется "CLASS_SCOPE::CLASS_SCOPE::OperatorRemoveByIndex" через превосходство
          c:\users\andr\documents\visual studio 2012\projects\script\script\classscope.h(59): см. объявление "CLASS_SCOPE::OperatorRemoveByIndex"
          c:\users\andr\documents\visual studio 2012\projects\script\script\classscope.h(58): см. объявление "CLASS_SCOPE::OperatorRemoveByIndex"
c:\users\andr\documents\visual studio 2012\projects\script\script\string.h(146): warning C4250: STRING_CLASS: наследуется "CLASS_SCOPE::CLASS_SCOPE::EnumKey" через превосходство
          c:\users\andr\documents\visual studio 2012\projects\script\script\classscope.h(61): см. объявление "CLASS_SCOPE::EnumKey"
c:\program files (x86)\mvs12\vc\include\xlocnum(155): warning C4506: нет определения для подставляемой функции "STRING_CLASS::INDEX_OBJ_ELEMENT STRING_CLASS::_HASH_ELEM_STRING::IndexByKey(const LPHEADER_STRING,STRING_CLASS::INDEX_OBJ_ELEMENT)"
  Bool.cpp
c:\users\andr\documents\visual studio 2012\projects\script\script\typedata.h(26): warning C4005: MEM_FREE: изменение макроопределения
          c:\program files (x86)\windows kits\8.0\include\um\winnt.h(11537): см. предыдущее определение "MEM_FREE"
c:\users\andr\documents\visual studio 2012\projects\script\script\string.h(146): warning C4250: STRING_CLASS: наследуется "CLASS_SCOPE::CLASS_SCOPE::ReadMember" через превосходство
          c:\users\andr\documents\visual studio 2012\projects\script\script\classscope.h(43): см. объявление "CLASS_SCOPE::ReadMember"
c:\users\andr\documents\visual studio 2012\projects\script\script\string.h(146): warning C4250: STRING_CLASS: наследуется "CLASS_SCOPE::CLASS_SCOPE::WriteMember" через превосходство
          c:\users\andr\documents\visual studio 2012\projects\script\script\classscope.h(45): см. объявление "CLASS_SCOPE::WriteMember"
c:\users\andr\documents\visual studio 2012\projects\script\script\string.h(146): warning C4250: STRING_CLASS: наследуется "CLASS_SCOPE::CLASS_SCOPE::RemoveMember" через превосходство
          c:\users\andr\documents\visual studio 2012\projects\script\script\classscope.h(47): см. объявление "CLASS_SCOPE::RemoveMember"
c:\users\andr\documents\visual studio 2012\projects\script\script\string.h(146): warning C4250: STRING_CLASS: наследуется "CLASS_SCOPE::CLASS_SCOPE::OperatorReadByIndex" через превосходство
          c:\users\andr\documents\visual studio 2012\projects\script\script\classscope.h(51): см. объявление "CLASS_SCOPE::OperatorReadByIndex"
          c:\users\andr\documents\visual studio 2012\projects\script\script\classscope.h(50): см. объявление "CLASS_SCOPE::OperatorReadByIndex"
c:\users\andr\documents\visual studio 2012\projects\script\script\string.h(146): warning C4250: STRING_CLASS: наследуется "CLASS_SCOPE::CLASS_SCOPE::OperatorWriteByIndex" через превосходство
          c:\users\andr\documents\visual studio 2012\projects\script\script\classscope.h(55): см. объявление "CLASS_SCOPE::OperatorWriteByIndex"
          c:\users\andr\documents\visual studio 2012\projects\script\script\classscope.h(54): см. объявление "CLASS_SCOPE::OperatorWriteByIndex"
c:\users\andr\documents\visual studio 2012\projects\script\script\string.h(146): warning C4250: STRING_CLASS: наследуется "CLASS_SCOPE::CLASS_SCOPE::OperatorRemoveByIndex" через превосходство
          c:\users\andr\documents\visual studio 2012\projects\script\script\classscope.h(59): см. объявление "CLASS_SCOPE::OperatorRemoveByIndex"
          c:\users\andr\documents\visual studio 2012\projects\script\script\classscope.h(58): см. объявление "CLASS_SCOPE::OperatorRemoveByIndex"
c:\users\andr\documents\visual studio 2012\projects\script\script\string.h(146): warning C4250: STRING_CLASS: наследуется "CLASS_SCOPE::CLASS_SCOPE::EnumKey" через превосходство
          c:\users\andr\documents\visual studio 2012\projects\script\script\classscope.h(61): см. объявление "CLASS_SCOPE::EnumKey"
c:\program files (x86)\mvs12\vc\include\xlocnum(155): warning C4506: нет определения для подставляемой функции "STRING_CLASS::INDEX_OBJ_ELEMENT STRING_CLASS::_HASH_ELEM_STRING::IndexByKey(const LPHEADER_STRING,STRING_CLASS::INDEX_OBJ_ELEMENT)"
  Создание кода...
