C:\USERS\ANDR\DOCUMENTS\VISUAL STUDIO 2012\PROJECTS\SCRIPT\SCRIPT\DEBUG\TYPEDATA.SBR
C:\USERS\ANDR\DOCUMENTS\VISUAL STUDIO 2012\PROJECTS\SCRIPT\SCRIPT\DEBUG\STRING.SBR
C:\USERS\ANDR\DOCUMENTS\VISUAL STUDIO 2012\PROJECTS\SCRIPT\SCRIPT\DEBUG\STACKLOCALVAR.SBR
C:\USERS\ANDR\DOCUMENTS\VISUAL STUDIO 2012\PROJECTS\SCRIPT\SCRIPT\DEBUG\OPCODE.SBR
C:\USERS\ANDR\DOCUMENTS\VISUAL STUDIO 2012\PROJECTS\SCRIPT\SCRIPT\DEBUG\OBJECTCLASS.SBR
C:\USERS\ANDR\DOCUMENTS\VISUAL STUDIO 2012\PROJECTS\SCRIPT\SCRIPT\DEBUG\NATIVEMETHOD.SBR
C:\USERS\ANDR\DOCUMENTS\VISUAL STUDIO 2012\PROJECTS\SCRIPT\SCRIPT\DEBUG\CLASS.SBR
C:\USERS\ANDR\DOCUMENTS\VISUAL STUDIO 2012\PROJECTS\SCRIPT\SCRIPT\DEBUG\METHOD.SBR
C:\USERS\ANDR\DOCUMENTS\VISUAL STUDIO 2012\PROJECTS\SCRIPT\SCRIPT\DEBUG\MAIN.SBR
C:\USERS\ANDR\DOCUMENTS\VISUAL STUDIO 2012\PROJECTS\SCRIPT\SCRIPT\DEBUG\LOADFROMFILE.SBR
C:\USERS\ANDR\DOCUMENTS\VISUAL STUDIO 2012\PROJECTS\SCRIPT\SCRIPT\DEBUG\INITSTATIC.SBR
C:\USERS\ANDR\DOCUMENTS\VISUAL STUDIO 2012\PROJECTS\SCRIPT\SCRIPT\DEBUG\GLOBALSCOPE.SBR
C:\USERS\ANDR\DOCUMENTS\VISUAL STUDIO 2012\PROJECTS\SCRIPT\SCRIPT\DEBUG\EXCEPTIONHANDLER.SBR
C:\USERS\ANDR\DOCUMENTS\VISUAL STUDIO 2012\PROJECTS\SCRIPT\SCRIPT\DEBUG\CONTEXT.SBR
C:\USERS\ANDR\DOCUMENTS\VISUAL STUDIO 2012\PROJECTS\SCRIPT\SCRIPT\DEBUG\CONSTSCOPE.SBR
C:\USERS\ANDR\DOCUMENTS\VISUAL STUDIO 2012\PROJECTS\SCRIPT\SCRIPT\DEBUG\CLASSSCOPE.SBR
C:\USERS\ANDR\DOCUMENTS\VISUAL STUDIO 2012\PROJECTS\SCRIPT\SCRIPT\DEBUG\BOOL.SBR
C:\USERS\ANDR\DOCUMENTS\VISUAL STUDIO 2012\PROJECTS\SCRIPT\SCRIPT\DEBUG\ACELERATEINTERATOR.SBR
C:\USERS\ANDR\DOCUMENTS\VISUAL STUDIO 2012\PROJECTS\SCRIPT\SCRIPT\DEBUG\ACELERATEINTERATOR.OBJ
C:\USERS\ANDR\DOCUMENTS\VISUAL STUDIO 2012\PROJECTS\SCRIPT\SCRIPT\DEBUG\BOOL.OBJ
C:\USERS\ANDR\DOCUMENTS\VISUAL STUDIO 2012\PROJECTS\SCRIPT\SCRIPT\DEBUG\CLASSSCOPE.OBJ
C:\USERS\ANDR\DOCUMENTS\VISUAL STUDIO 2012\PROJECTS\SCRIPT\SCRIPT\DEBUG\CONSTSCOPE.OBJ
C:\USERS\ANDR\DOCUMENTS\VISUAL STUDIO 2012\PROJECTS\SCRIPT\SCRIPT\DEBUG\CONTEXT.OBJ
C:\USERS\ANDR\DOCUMENTS\VISUAL STUDIO 2012\PROJECTS\SCRIPT\SCRIPT\DEBUG\EXCEPTIONHANDLER.OBJ
C:\USERS\ANDR\DOCUMENTS\VISUAL STUDIO 2012\PROJECTS\SCRIPT\SCRIPT\DEBUG\GLOBALSCOPE.OBJ
C:\USERS\ANDR\DOCUMENTS\VISUAL STUDIO 2012\PROJECTS\SCRIPT\SCRIPT\DEBUG\INITSTATIC.OBJ
C:\USERS\ANDR\DOCUMENTS\VISUAL STUDIO 2012\PROJECTS\SCRIPT\SCRIPT\DEBUG\LOADFROMFILE.OBJ
C:\USERS\ANDR\DOCUMENTS\VISUAL STUDIO 2012\PROJECTS\SCRIPT\SCRIPT\DEBUG\MAIN.OBJ
C:\USERS\ANDR\DOCUMENTS\VISUAL STUDIO 2012\PROJECTS\SCRIPT\SCRIPT\DEBUG\METHOD.OBJ
C:\USERS\ANDR\DOCUMENTS\VISUAL STUDIO 2012\PROJECTS\SCRIPT\SCRIPT\DEBUG\CLASS.OBJ
C:\USERS\ANDR\DOCUMENTS\VISUAL STUDIO 2012\PROJECTS\SCRIPT\SCRIPT\DEBUG\NATIVEMETHOD.OBJ
C:\USERS\ANDR\DOCUMENTS\VISUAL STUDIO 2012\PROJECTS\SCRIPT\SCRIPT\DEBUG\OBJECTCLASS.OBJ
C:\USERS\ANDR\DOCUMENTS\VISUAL STUDIO 2012\PROJECTS\SCRIPT\SCRIPT\DEBUG\OPCODE.OBJ
C:\USERS\ANDR\DOCUMENTS\VISUAL STUDIO 2012\PROJECTS\SCRIPT\SCRIPT\DEBUG\STACKLOCALVAR.OBJ
C:\USERS\ANDR\DOCUMENTS\VISUAL STUDIO 2012\PROJECTS\SCRIPT\SCRIPT\DEBUG\STRING.OBJ
C:\USERS\ANDR\DOCUMENTS\VISUAL STUDIO 2012\PROJECTS\SCRIPT\SCRIPT\DEBUG\TYPEDATA.OBJ
C:\USERS\ANDR\DOCUMENTS\VISUAL STUDIO 2012\PROJECTS\SCRIPT\SCRIPT\DEBUG\VC110.PDB
C:\USERS\ANDR\DOCUMENTS\VISUAL STUDIO 2012\PROJECTS\SCRIPT\DEBUG\SCRIPT.EXE
C:\USERS\ANDR\DOCUMENTS\VISUAL STUDIO 2012\PROJECTS\SCRIPT\SCRIPT\DEBUG\SCRIPT.EXE.INTERMEDIATE.MANIFEST
C:\USERS\ANDR\DOCUMENTS\VISUAL STUDIO 2012\PROJECTS\SCRIPT\DEBUG\SCRIPT.PDB
C:\USERS\ANDR\DOCUMENTS\VISUAL STUDIO 2012\PROJECTS\SCRIPT\DEBUG\SCRIPT.EXE.MANIFEST
C:\USERS\ANDR\DOCUMENTS\VISUAL STUDIO 2012\PROJECTS\SCRIPT\DEBUG\SCRIPT.BSC
C:\Users\andr\Documents\Visual Studio 2012\Projects\Script\Script\Debug\Opcode.obj
C:\Users\andr\Documents\Visual Studio 2012\Projects\Script\Script\Debug\AcelerateInterator.obj
C:\Users\andr\Documents\Visual Studio 2012\Projects\Script\Script\Debug\Bool.obj
C:\Users\andr\Documents\Visual Studio 2012\Projects\Script\Script\Debug\Class.obj
C:\Users\andr\Documents\Visual Studio 2012\Projects\Script\Script\Debug\ConstScope.obj
C:\Users\andr\Documents\Visual Studio 2012\Projects\Script\Script\Debug\Context.obj
C:\Users\andr\Documents\Visual Studio 2012\Projects\Script\Script\Debug\ExceptionHandler.obj
C:\Users\andr\Documents\Visual Studio 2012\Projects\Script\Script\Debug\GlobalScope.obj
C:\Users\andr\Documents\Visual Studio 2012\Projects\Script\Script\Debug\InitStatic.obj
C:\Users\andr\Documents\Visual Studio 2012\Projects\Script\Script\Debug\LoadFromFile.obj
C:\Users\andr\Documents\Visual Studio 2012\Projects\Script\Script\Debug\Method.obj
C:\Users\andr\Documents\Visual Studio 2012\Projects\Script\Script\Debug\NativeMethod.obj
C:\Users\andr\Documents\Visual Studio 2012\Projects\Script\Script\Debug\ObjectClass.obj
C:\Users\andr\Documents\Visual Studio 2012\Projects\Script\Script\Debug\StackLocalVar.obj
C:\Users\andr\Documents\Visual Studio 2012\Projects\Script\Script\Debug\TypeData.obj
C:\Users\andr\Documents\Visual Studio 2012\Projects\Script\Script\Debug\main.obj
C:\Users\andr\Documents\Visual Studio 2012\Projects\Script\Script\Debug\CL.read.1.tlog
C:\Users\andr\Documents\Visual Studio 2012\Projects\Script\Script\Debug\CL.write.1.tlog
C:\Users\andr\Documents\Visual Studio 2012\Projects\Script\Script\Debug\cl.command.1.tlog
C:\Users\andr\Documents\Visual Studio 2012\Projects\Script\Script\Debug\link.read.1.tlog
C:\Users\andr\Documents\Visual Studio 2012\Projects\Script\Script\Debug\link.write.1.tlog
C:\Users\andr\Documents\Visual Studio 2012\Projects\Script\Script\Debug\link.command.1.tlog
C:\Users\andr\Documents\Visual Studio 2012\Projects\Script\Script\Debug\mt.read.1.tlog
C:\Users\andr\Documents\Visual Studio 2012\Projects\Script\Script\Debug\mt.write.1.tlog
C:\Users\andr\Documents\Visual Studio 2012\Projects\Script\Script\Debug\mt.command.1.tlog
C:\Users\andr\Documents\Visual Studio 2012\Projects\Script\Script\Debug\bscmake.read.1.tlog
C:\Users\andr\Documents\Visual Studio 2012\Projects\Script\Script\Debug\BscMake.write.1.tlog
C:\Users\andr\Documents\Visual Studio 2012\Projects\Script\Script\Debug\BscMake.command.1.tlog
C:\Users\andr\Documents\Visual Studio 2012\Projects\Script\Script\Debug\Script.exe.intermediate.manifest
C:\Users\andr\Documents\Visual Studio 2012\Projects\Script\Script\Debug\vc110.idb
C:\Users\andr\Documents\Visual Studio 2012\Projects\Script\Script\Debug\vc110.pdb
C:\Users\andr\Documents\Visual Studio 2012\Projects\Script\Script\Debug\TypeData.sbr
C:\Users\andr\Documents\Visual Studio 2012\Projects\Script\Script\Debug\String.sbr
C:\Users\andr\Documents\Visual Studio 2012\Projects\Script\Script\Debug\StackLocalVar.sbr
C:\Users\andr\Documents\Visual Studio 2012\Projects\Script\Script\Debug\Opcode.sbr
C:\Users\andr\Documents\Visual Studio 2012\Projects\Script\Script\Debug\ObjectClass.sbr
C:\Users\andr\Documents\Visual Studio 2012\Projects\Script\Script\Debug\NativeMethod.sbr
C:\Users\andr\Documents\Visual Studio 2012\Projects\Script\Script\Debug\Class.sbr
C:\Users\andr\Documents\Visual Studio 2012\Projects\Script\Script\Debug\Method.sbr
C:\Users\andr\Documents\Visual Studio 2012\Projects\Script\Script\Debug\main.sbr
C:\Users\andr\Documents\Visual Studio 2012\Projects\Script\Script\Debug\LoadFromFile.sbr
C:\Users\andr\Documents\Visual Studio 2012\Projects\Script\Script\Debug\InitStatic.sbr
C:\Users\andr\Documents\Visual Studio 2012\Projects\Script\Script\Debug\GlobalScope.sbr
C:\Users\andr\Documents\Visual Studio 2012\Projects\Script\Script\Debug\ExceptionHandler.sbr
C:\Users\andr\Documents\Visual Studio 2012\Projects\Script\Script\Debug\Context.sbr
C:\Users\andr\Documents\Visual Studio 2012\Projects\Script\Script\Debug\ConstScope.sbr
C:\Users\andr\Documents\Visual Studio 2012\Projects\Script\Script\Debug\ClassScope.sbr
C:\Users\andr\Documents\Visual Studio 2012\Projects\Script\Script\Debug\Bool.sbr
C:\Users\andr\Documents\Visual Studio 2012\Projects\Script\Script\Debug\AcelerateInterator.sbr
C:\Users\andr\Documents\Visual Studio 2012\Projects\Script\Debug\Script.exe.manifest
C:\Users\andr\Documents\Visual Studio 2012\Projects\Script\Debug\Script.pdb
C:\Users\andr\Documents\Visual Studio 2012\Projects\Script\Debug\Script.exe
C:\Users\andr\Documents\Visual Studio 2012\Projects\Script\Debug\Script.bsc
